#
# There is insufficient memory for the Java Runtime Environment to continue.
# Native memory allocation (mmap) failed to map 266338304 bytes for Failed to commit area from 0x0000000702400000 to 0x0000000712200000 of length 266338304.
# Possible reasons:
#   The system is out of physical RAM or swap space
#   The process is running with CompressedOops enabled, and the Java Heap may be blocking the growth of the native heap
# Possible solutions:
#   Reduce memory load on the system
#   Increase physical memory or swap space
#   Check if swap backing store is full
#   Decrease Java heap size (-Xmx/-Xms)
#   Decrease number of Java threads
#   Decrease Java thread stack sizes (-Xss)
#   Set larger code cache with -XX:ReservedCodeCacheSize=
# This output file may be truncated or incomplete.
#
#  Out of Memory Error (t:/workspace/open/src/hotspot/os/windows/os_windows.cpp:3269), pid=19888, tid=15224
#
# JRE version:  (11.0.2+9) (build )
# Java VM: OpenJDK 64-Bit Server VM (11.0.2+9, mixed mode, aot, sharing, tiered, compressed oops, g1 gc, windows-amd64)
# No core dump will be written. Minidumps are not enabled by default on client versions of Windows
#

---------------  S U M M A R Y ------------

Command Line: -XX:MaxGCPauseMillis=50 -agentlib:jdwp=transport=dt_socket,address=127.0.0.1:51891 -Dfile.encoding=UTF-8 bluej.runtime.ExecServer UTF-8

Host: Intel(R) Core(TM) i7-9750H CPU @ 2.60GHz, 12 cores, 15G,  Windows 10 , 64 bit Build 18362 (10.0.18362.329)
Time: Thu Jan 30 17:32:15 2020 SE Asia Standard Time elapsed time: 0 seconds (0d 0h 0m 0s)

---------------  T H R E A D  ---------------

Current thread (0x000001a68bb58000):  JavaThread "Unknown thread" [_thread_in_vm, id=15224, stack(0x000000555f100000,0x000000555f200000)]

Stack: [0x000000555f100000,0x000000555f200000]
Native frames: (J=compiled Java code, j=interpreted, Vv=VM code, C=native code)
V  [jvm.dll+0x63489a]
V  [jvm.dll+0x771f9f]
V  [jvm.dll+0x773648]
V  [jvm.dll+0x773d03]
V  [jvm.dll+0x25eba8]
V  [jvm.dll+0x631d3a]
V  [jvm.dll+0x626775]
V  [jvm.dll+0x313ffc]
V  [jvm.dll+0x313e82]
V  [jvm.dll+0x3196e6]
V  [jvm.dll+0x36579f]
V  [jvm.dll+0x3651c0]
V  [jvm.dll+0x2f0ff8]
V  [jvm.dll+0x2f2156]
V  [jvm.dll+0x74b4f7]
V  [jvm.dll+0x74cc3f]
V  [jvm.dll+0x372609]
V  [jvm.dll+0x731b69]
V  [jvm.dll+0x3e1bad]
V  [jvm.dll+0x3e3e81]
C  [java.exe+0x3607]
C  [java.exe+0x1746c]
C  [KERNEL32.DLL+0x17bd4]
C  [ntdll.dll+0x6ced1]


---------------  P R O C E S S  ---------------

Threads class SMR info:
_java_thread_list=0x000001a689876c40, length=0, elements={
}

Java Threads: ( => current thread )

Other Threads:
  0x000001a68bb6d000 GCTaskThread "GC Thread#0" [stack: 0x000000555f200000,0x000000555f300000] [id=21736]
  0x000001a68bbcd000 ConcurrentGCThread "G1 Main Marker" [stack: 0x000000555f300000,0x000000555f400000] [id=21132]
  0x000001a68bbcf000 ConcurrentGCThread "G1 Conc#0" [stack: 0x000000555f400000,0x000000555f500000] [id=19868]

[error occurred during error reporting (printing all threads), id 0xc0000005, EXCEPTION_ACCESS_VIOLATION (0xc0000005) at pc=0x00007ffc78f2f5b7]

VM state:not at safepoint (not fully initialized)

VM Mutex/Monitor currently owned by a thread:  ([mutex/lock_event])
[0x000001a68bb561f0] Heap_lock - owner thread: 0x000001a68bb58000

Heap address: 0x0000000702400000, size: 4060 MB, Compressed Oops mode: Non-zero based: 0x0000000702400000
Narrow klass base: 0x0000000000000000, Narrow klass shift: 0

GC Heap History (0 events):
No events

Deoptimization events (0 events):
No events

Classes redefined (0 events):
No events

Internal exceptions (0 events):
No events

Events (0 events):
No events


Dynamic libraries:
0x00007ff64fc50000 - 0x00007ff64fc95000 	C:\Program Files\Greenfoot\jdk\bin\java.exe
0x00007ffd0be40000 - 0x00007ffd0c030000 	C:\WINDOWS\SYSTEM32\ntdll.dll
0x00007ffd09f70000 - 0x00007ffd0a022000 	C:\WINDOWS\System32\KERNEL32.DLL
0x00007ffd09570000 - 0x00007ffd09813000 	C:\WINDOWS\System32\KERNELBASE.dll
0x00007ffd0b880000 - 0x00007ffd0ba14000 	C:\WINDOWS\System32\USER32.dll
0x00007ffd09cc0000 - 0x00007ffd09ce1000 	C:\WINDOWS\System32\win32u.dll
0x00007ffd0b020000 - 0x00007ffd0b046000 	C:\WINDOWS\System32\GDI32.dll
0x00007ffd09a50000 - 0x00007ffd09be4000 	C:\WINDOWS\System32\gdi32full.dll
0x00007ffd09bf0000 - 0x00007ffd09c8e000 	C:\WINDOWS\System32\msvcp_win.dll
0x00007ffd09df0000 - 0x00007ffd09eea000 	C:\WINDOWS\System32\ucrtbase.dll
0x00007ffcf9690000 - 0x00007ffcf9915000 	C:\WINDOWS\WinSxS\amd64_microsoft.windows.common-controls_6595b64144ccf1df_6.0.18362.592_none_e6c0b1911312be02\COMCTL32.dll
0x00007ffd0bc20000 - 0x00007ffd0bcbe000 	C:\WINDOWS\System32\msvcrt.dll
0x00007ffd0ace0000 - 0x00007ffd0b016000 	C:\WINDOWS\System32\combase.dll
0x00007ffd0bad0000 - 0x00007ffd0bbf0000 	C:\WINDOWS\System32\RPCRT4.dll
0x00007ffd099d0000 - 0x00007ffd09a50000 	C:\WINDOWS\System32\bcryptPrimitives.dll
0x00007ffd0bbf0000 - 0x00007ffd0bc1e000 	C:\WINDOWS\System32\IMM32.DLL
0x00007ffcf7b40000 - 0x00007ffcf7b56000 	C:\Program Files\Greenfoot\jdk\bin\vcruntime140.dll
0x00007ffcbfd10000 - 0x00007ffcbfdba000 	C:\Program Files\Greenfoot\jdk\bin\msvcp140.dll
0x00007ffc78c30000 - 0x00007ffc79753000 	C:\Program Files\Greenfoot\jdk\bin\server\jvm.dll
0x00007ffd0b060000 - 0x00007ffd0b103000 	C:\WINDOWS\System32\ADVAPI32.dll
0x00007ffd0ab70000 - 0x00007ffd0ac07000 	C:\WINDOWS\System32\sechost.dll
0x00007ffd0a030000 - 0x00007ffd0a038000 	C:\WINDOWS\System32\PSAPI.DLL
0x00007ffd06d40000 - 0x00007ffd06d64000 	C:\WINDOWS\SYSTEM32\WINMM.dll
0x00007ffcf4de0000 - 0x00007ffcf4de9000 	C:\WINDOWS\SYSTEM32\WSOCK32.dll
0x00007ffd020c0000 - 0x00007ffd020ca000 	C:\WINDOWS\SYSTEM32\VERSION.dll
0x00007ffd0ab00000 - 0x00007ffd0ab6f000 	C:\WINDOWS\System32\WS2_32.dll
0x00007ffd068c0000 - 0x00007ffd068ed000 	C:\WINDOWS\SYSTEM32\WINMMBASE.dll
0x00007ffd09cf0000 - 0x00007ffd09d3a000 	C:\WINDOWS\System32\cfgmgr32.dll
0x00007ffd08d20000 - 0x00007ffd08d31000 	C:\WINDOWS\System32\kernel.appcore.dll
0x00007ffcf7880000 - 0x00007ffcf7891000 	C:\Program Files\Greenfoot\jdk\bin\verify.dll
0x00007ffcfc630000 - 0x00007ffcfc824000 	C:\WINDOWS\SYSTEM32\DBGHELP.DLL
0x00007ffcfc940000 - 0x00007ffcfc96a000 	C:\WINDOWS\SYSTEM32\dbgcore.DLL
0x00007ffcf37e0000 - 0x00007ffcf3808000 	C:\Program Files\Greenfoot\jdk\bin\java.dll
0x00007ffce2810000 - 0x00007ffce2847000 	C:\Program Files\Greenfoot\jdk\bin\jdwp.dll
0x00007ffcf5180000 - 0x00007ffcf5196000 	C:\Program Files\Greenfoot\jdk\bin\zip.dll
0x00007ffcfc2b0000 - 0x00007ffcfc2ba000 	C:\Program Files\Greenfoot\jdk\bin\jimage.dll

dbghelp: loaded successfully - version: 4.0.5 - missing functions: none
symbol engine: initialized successfully - sym options: 0x614 - pdb path: .;C:\Program Files\Greenfoot\jdk\bin;C:\WINDOWS\SYSTEM32;C:\WINDOWS\WinSxS\amd64_microsoft.windows.common-controls_6595b64144ccf1df_6.0.18362.592_none_e6c0b1911312be02;C:\Program Files\Greenfoot\jdk\bin\server

VM Arguments:
jvm_args: -XX:MaxGCPauseMillis=50 -agentlib:jdwp=transport=dt_socket,address=127.0.0.1:51891 -Dfile.encoding=UTF-8 
java_command: bluej.runtime.ExecServer UTF-8
java_class_path (initial): C:\Program Files\Greenfoot\lib\extensions\greenfoot.jar;C:\Program Files\Greenfoot\lib\bluejcore.jar;C:\Program Files\Greenfoot\lib\bluejeditor.jar;C:\Program Files\Greenfoot\lib\bluejext.jar;C:\Program Files\Greenfoot\lib\junit-4.11.jar;C:\Program Files\Greenfoot\lib\hamcrest-core-1.3.jar;C:\Program Files\Greenfoot\lib\bluej.jar;C:\Program Files\Greenfoot\lib\classgraph-4.2.6.jar;C:\Program Files\Greenfoot\lib\diffutils-1.2.1.jar;C:\Program Files\Greenfoot\lib\commons-logging-api-1.1.2.jar;C:\Program Files\Greenfoot\lib\jl1.0.1.jar;C:\Program Files\Greenfoot\lib\opencsv-2.3.jar;C:\Program Files\Greenfoot\lib\xom-1.2.9.jar;C:\Program Files\Greenfoot\lib\lang-stride.jar;C:\Program Files\Greenfoot\lib\nsmenufx-2.1.4.jar;C:\Program Files\Greenfoot\lib\richtextfx-fat-0.9.0.jar;C:\Program Files\Greenfoot\lib\guava-17.0.jar;C:\Program Files\Greenfoot\lib\httpclient-4.1.1.jar;C:\Program Files\Greenfoot\lib\httpcore-4.1.jar;C:\Program Files\Greenfoot\lib\httpmime-4.1.1.jar;C:\Program Files\Greenfoot\lib\javafx\lib\javafx.base.jar;C:\Program Files\Greenfoot\lib\javafx\lib\javafx.controls.jar;C:\Program Files\Greenfoot\lib\javafx\lib\javafx.fxml.jar;C:\Program Files\Greenfoot\lib\javafx\lib\javafx.graphics.jar;C:\Program Files\Greenfoot\lib\javafx\lib\javafx.media.jar;C:\Program Files\Greenfoot\lib\javafx\lib\javafx.properties.jar;C:\Program Files\Greenfoot\lib\javafx\lib\javafx.swing.jar;C:\Program Files\Greenfoot\lib\javafx\lib\javafx.web.jar;C:\Program Files\Greenfoot\lib\javafx\lib\javafx.base.jar;C:\Program Files\Greenfoot\lib\javafx\lib\javafx.controls.jar;C:\Program Files\Greenfoot\lib\javafx\lib\javafx.fxml.jar;C:\Program Files\Greenfoot\lib\javafx\lib\javafx.graphics.jar;C:\Program Files\Greenfoot\lib\javafx\lib\javafx.media.jar;C:\Program Files\Greenfoot\lib\javafx\lib\javafx.properties.jar;C:\Program Files\Greenfoot\lib\javafx\lib\javafx.swing.jar;C:\Program Files\Greenfoot\lib\javafx\lib\javafx.web.jar
Launcher Type: SUN_STANDARD

[Global flags]
     intx CICompilerCount                          = 4                                         {product} {ergonomic}
     uint ConcGCThreads                            = 3                                         {product} {ergonomic}
     uint G1ConcRefinementThreads                  = 10                                        {product} {ergonomic}
   size_t G1HeapRegionSize                         = 1048576                                   {product} {ergonomic}
    uintx GCDrainStackTargetSize                   = 64                                        {product} {ergonomic}
   size_t InitialHeapSize                          = 266338304                                 {product} {ergonomic}
   size_t MarkStackSize                            = 4194304                                   {product} {ergonomic}
    uintx MaxGCPauseMillis                         = 50                                        {product} {command line}
   size_t MaxHeapSize                              = 4257218560                                {product} {ergonomic}
   size_t MinHeapDeltaBytes                        = 1048576                                   {product} {ergonomic}
    uintx NonNMethodCodeHeapSize                   = 5835340                                {pd product} {ergonomic}
    uintx NonProfiledCodeHeapSize                  = 122911450                              {pd product} {ergonomic}
    uintx ProfiledCodeHeapSize                     = 122911450                              {pd product} {ergonomic}
    uintx ReservedCodeCacheSize                    = 251658240                              {pd product} {ergonomic}
     bool SegmentedCodeCache                       = true                                      {product} {ergonomic}
     bool UseCompressedClassPointers               = true                                 {lp64_product} {ergonomic}
     bool UseCompressedOops                        = true                                 {lp64_product} {ergonomic}
     bool UseG1GC                                  = true                                      {product} {ergonomic}
     bool UseLargePagesIndividualAllocation        = false                                  {pd product} {ergonomic}

Logging:
Log output configuration:
 #0: stdout all=warning uptime,level,tags
 #1: stderr all=off uptime,level,tags

Environment Variables:
PATH=C:\Program Files (x86)\Common Files\Oracle\Java\javapath;C:\Program Files (x86)\Common Files\Intel\Shared Files\cpp\bin\Intel64;C:\Windows\system32;C:\Windows;C:\Windows\System32\Wbem;C:\Windows\System32\WindowsPowerShell\v1.0\;C:\Windows\System32\OpenSSH\;C:\Program Files (x86)\Intel\Intel(R) Management Engine Components\DAL;C:\Program Files\Intel\Intel(R) Management Engine Components\DAL;C:\Program Files\NVIDIA Corporation\NVIDIA NGX;C:\Program Files (x86)\NVIDIA Corporation\PhysX\Common;C:\Program Files\NVIDIA Corporation\NVIDIA NvDLISR;C:\WINDOWS\system32;C:\WINDOWS;C:\WINDOWS\System32\Wbem;C:\WINDOWS\System32\WindowsPowerShell\v1.0\;C:\WINDOWS\System32\OpenSSH\;C:\Program Files\Git\cmd;C:\Users\Ryan\AppData\Local\Microsoft\WindowsApps;C:\Users\Ryan\AppData\Local\Programs\Microsoft VS Code\bin;C:\Users\Ryan\AppData\Local\Microsoft\WindowsApps
USERNAME=Ryan
OS=Windows_NT
PROCESSOR_IDENTIFIER=Intel64 Family 6 Model 158 Stepping 10, GenuineIntel



---------------  S Y S T E M  ---------------

OS: Windows 10 , 64 bit Build 18362 (10.0.18362.329)

CPU:total 12 (initial active 12) (6 cores per cpu, 2 threads per core) family 6 model 158 stepping 10, cmov, cx8, fxsr, mmx, sse, sse2, sse3, ssse3, sse4.1, sse4.2, popcnt, avx, avx2, aes, clmul, erms, 3dnowpref, lzcnt, ht, tsc, tscinvbit, bmi1, bmi2, adx, fma

Memory: 4k page, system-wide physical 16232M (2384M free)
TotalPageFile size 46300M (AvailPageFile size 99M)
current process WorkingSet (physical memory assigned to process): 10M, peak: 10M
current process commit charge ("private bytes"): 65M, peak: 319M

vm_info: OpenJDK 64-Bit Server VM (11.0.2+9) for windows-amd64 JRE (11.0.2+9), built on Jan 18 2019 05:23:22 by "mach5one" with MS VC++ 15.5 (VS2017)

END.
