#
# There is insufficient memory for the Java Runtime Environment to continue.
# Native memory allocation (malloc) failed to allocate 1793456 bytes for Chunk::new
# Possible reasons:
#   The system is out of physical RAM or swap space
#   The process is running with CompressedOops enabled, and the Java Heap may be blocking the growth of the native heap
# Possible solutions:
#   Reduce memory load on the system
#   Increase physical memory or swap space
#   Check if swap backing store is full
#   Decrease Java heap size (-Xmx/-Xms)
#   Decrease number of Java threads
#   Decrease Java thread stack sizes (-Xss)
#   Set larger code cache with -XX:ReservedCodeCacheSize=
#   JVM is running with Zero Based Compressed Oops mode in which the Java heap is
#     placed in the first 32GB address space. The Java Heap base address is the
#     maximum limit for the native heap growth. Please use -XX:HeapBaseMinAddress
#     to set the Java Heap base and to place the Java Heap above 32GB virtual address.
# This output file may be truncated or incomplete.
#
#  Out of Memory Error (t:/workspace/open/src/hotspot/share/memory/arena.cpp:197), pid=3180, tid=18700
#
# JRE version: OpenJDK Runtime Environment (11.0.2+9) (build 11.0.2+9)
# Java VM: OpenJDK 64-Bit Server VM (11.0.2+9, mixed mode, tiered, compressed oops, g1 gc, windows-amd64)
# No core dump will be written. Minidumps are not enabled by default on client versions of Windows
#

---------------  S U M M A R Y ------------

Command Line: -Djavafx.embed.singleThread=true 

Host: Intel(R) Core(TM) i7-9750H CPU @ 2.60GHz, 12 cores, 15G,  Windows 10 , 64 bit Build 18362 (10.0.18362.329)
Time: Thu Jan 30 17:30:11 2020 SE Asia Standard Time elapsed time: 634 seconds (0d 0h 10m 34s)

---------------  T H R E A D  ---------------

Current thread (0x00000000282eb000):  JavaThread "C2 CompilerThread0" daemon [_thread_in_native, id=18700, stack(0x00000000290d0000,0x00000000292d0000)]


Current CompileTask:
C2: 634245 17236 %     4       bluej.editor.moe.BlueJSyntaxView::drawImageFor @ 462 (919 bytes)

Stack: [0x00000000290d0000,0x00000000292d0000]
Native frames: (J=compiled Java code, j=interpreted, Vv=VM code, C=native code)
V  [jvm.dll+0x63489a]
V  [jvm.dll+0x771f9f]
V  [jvm.dll+0x773648]
V  [jvm.dll+0x773d03]
V  [jvm.dll+0x25eba8]
V  [jvm.dll+0xc2191]
V  [jvm.dll+0xc271c]
V  [jvm.dll+0x36cc47]
V  [jvm.dll+0x339b13]
V  [jvm.dll+0x338eea]
V  [jvm.dll+0x2189c5]
V  [jvm.dll+0x217b6a]
V  [jvm.dll+0x194370]
V  [jvm.dll+0x226b3f]
V  [jvm.dll+0x225148]
V  [jvm.dll+0x73774d]
V  [jvm.dll+0x633942]
C  [ucrtbase.dll+0x20e72]
C  [KERNEL32.DLL+0x17bd4]
C  [ntdll.dll+0x6ced1]


---------------  P R O C E S S  ---------------

Threads class SMR info:
_java_thread_list=0x00000000376fce50, length=44, elements={
0x00000000032b4000, 0x000000002827c800, 0x0000000028287000, 0x00000000282e6000,
0x00000000282e9000, 0x00000000282eb000, 0x00000000282ec800, 0x000000002829d800,
0x000000002844d800, 0x000000002846c800, 0x0000000029e47800, 0x0000000029ef5000,
0x0000000029f96800, 0x0000000029fbe800, 0x000000002a186800, 0x000000002a36a800,
0x000000002a1de000, 0x0000000031ffc800, 0x0000000032277000, 0x00000000374fb800,
0x00000000366e4000, 0x00000000366e6800, 0x00000000366e1800, 0x00000000366e7000,
0x000000003a971000, 0x000000003a973800, 0x000000003a96e800, 0x000000003a975000,
0x000000003a976000, 0x000000003a974800, 0x000000003a970000, 0x000000003a976800,
0x000000003742f000, 0x0000000037429800, 0x000000003742c800, 0x000000003742c000,
0x0000000037433000, 0x0000000037432800, 0x000000003a96f800, 0x000000003a977800,
0x0000000037430000, 0x0000000041091000, 0x0000000041090000, 0x0000000041092000
}

Java Threads: ( => current thread )
  0x00000000032b4000 JavaThread "main" [_thread_blocked, id=11980, stack(0x00000000004e0000,0x00000000006e0000)]
  0x000000002827c800 JavaThread "Reference Handler" daemon [_thread_blocked, id=12612, stack(0x00000000287d0000,0x00000000289d0000)]
  0x0000000028287000 JavaThread "Finalizer" daemon [_thread_blocked, id=21464, stack(0x00000000289d0000,0x0000000028bd0000)]
  0x00000000282e6000 JavaThread "Signal Dispatcher" daemon [_thread_blocked, id=21184, stack(0x0000000028cd0000,0x0000000028ed0000)]
  0x00000000282e9000 JavaThread "Attach Listener" daemon [_thread_blocked, id=11420, stack(0x0000000028ed0000,0x00000000290d0000)]
=>0x00000000282eb000 JavaThread "C2 CompilerThread0" daemon [_thread_in_native, id=18700, stack(0x00000000290d0000,0x00000000292d0000)]
  0x00000000282ec800 JavaThread "C1 CompilerThread0" daemon [_thread_blocked, id=22436, stack(0x00000000292d0000,0x00000000294d0000)]
  0x000000002829d800 JavaThread "Sweeper thread" daemon [_thread_blocked, id=18744, stack(0x00000000294d0000,0x00000000296d0000)]
  0x000000002844d800 JavaThread "Service Thread" daemon [_thread_blocked, id=3696, stack(0x00000000296d0000,0x00000000298d0000)]
  0x000000002846c800 JavaThread "Common-Cleaner" daemon [_thread_blocked, id=13784, stack(0x0000000029ad0000,0x0000000029cd0000)]
  0x0000000029e47800 JavaThread "JavaFX-Launcher" [_thread_blocked, id=792, stack(0x000000002a4d0000,0x000000002a6d0000)]
  0x0000000029ef5000 JavaThread "QuantumRenderer-0" daemon [_thread_blocked, id=10812, stack(0x000000002a840000,0x000000002aa40000)]
  0x0000000029f96800 JavaThread "InvokeLaterDispatcher" daemon [_thread_blocked, id=16752, stack(0x000000002ae10000,0x000000002b010000)]
  0x0000000029fbe800 JavaThread "JavaFX Application Thread" [_thread_in_Java, id=552, stack(0x000000002b010000,0x000000002b210000)]
  0x000000002a186800 JavaThread "Thread-2" daemon [_thread_in_native, id=10288, stack(0x0000000031bb0000,0x0000000031db0000)]
  0x000000002a36a800 JavaThread "Java2D Disposer" daemon [_thread_blocked, id=21304, stack(0x0000000033180000,0x0000000033380000)]
  0x000000002a1de000 JavaThread "AWT-Shutdown" [_thread_blocked, id=8696, stack(0x0000000033380000,0x0000000033580000)]
  0x0000000031ffc800 JavaThread "AWT-Windows" daemon [_thread_in_native, id=16716, stack(0x0000000033580000,0x0000000033780000)]
  0x0000000032277000 JavaThread "Thread-3" [_thread_blocked, id=19792, stack(0x0000000033780000,0x0000000033980000)]
  0x00000000374fb800 JavaThread "AWT-EventQueue-0" [_thread_blocked, id=3592, stack(0x0000000039100000,0x0000000039300000)]
  0x00000000366e4000 JavaThread "TimerQueue" daemon [_thread_blocked, id=17104, stack(0x000000003c770000,0x000000003c970000)]
  0x00000000366e6800 JavaThread "Prism Font Disposer" daemon [_thread_blocked, id=16040, stack(0x000000003df70000,0x000000003e170000)]
  0x00000000366e1800 JavaThread "Thread-8" [_thread_blocked, id=7008, stack(0x0000000040090000,0x0000000040290000)]
  0x00000000366e7000 JavaThread "Timer-0" [_thread_blocked, id=18104, stack(0x0000000040290000,0x0000000040490000)]
  0x000000003a971000 JavaThread "JDI Internal Event Handler" daemon [_thread_blocked, id=19768, stack(0x0000000042110000,0x0000000042310000)]
  0x000000003a973800 JavaThread "JDI Target VM Interface" daemon [_thread_in_native, id=14592, stack(0x0000000042310000,0x0000000042510000)]
  0x000000003a96e800 JavaThread "BlueJ I/O Handler" [_thread_in_native, id=5084, stack(0x0000000042bd0000,0x0000000042dd0000)]
  0x000000003a975000 JavaThread "BlueJ I/O Handler" [_thread_in_native, id=14696, stack(0x0000000042dd0000,0x0000000042fd0000)]
  0x000000003a976000 JavaThread "BlueJ I/O Handler" [_thread_blocked, id=15956, stack(0x0000000042fd0000,0x00000000431d0000)]
  0x000000003a974800 JavaThread "vm-event-handler" [_thread_blocked, id=1944, stack(0x0000000041c60000,0x0000000041e60000)]
  0x000000003a970000 JavaThread "Cleaner-0" daemon [_thread_blocked, id=15952, stack(0x0000000041e60000,0x0000000042060000)]
  0x000000003a976800 JavaThread "Disposer" daemon [_thread_blocked, id=20032, stack(0x000000003b2c0000,0x000000003b4c0000)]
  0x000000003742f000 JavaThread "pool-2-thread-1" [_thread_blocked, id=20712, stack(0x00000000007b0000,0x00000000009b0000)]
  0x0000000037429800 JavaThread "pool-2-thread-2" [_thread_blocked, id=20384, stack(0x0000000000a20000,0x0000000000c20000)]
  0x000000003742c800 JavaThread "BlueJ compiler thread" [_thread_blocked, id=22456, stack(0x0000000031db0000,0x0000000031fb0000)]
  0x000000003742c000 JavaThread "pool-2-thread-3" [_thread_blocked, id=20324, stack(0x00000000357b0000,0x00000000359b0000)]
  0x0000000037433000 JavaThread "pool-2-thread-4" [_thread_blocked, id=12008, stack(0x0000000040890000,0x0000000040a90000)]
  0x0000000037432800 JavaThread "pool-2-thread-5" [_thread_blocked, id=3276, stack(0x0000000042510000,0x0000000042710000)]
  0x000000003a96f800 JavaThread "pool-2-thread-6" [_thread_blocked, id=8576, stack(0x00000000315b0000,0x00000000317b0000)]
  0x000000003a977800 JavaThread "pool-2-thread-7" [_thread_blocked, id=4628, stack(0x00000000317b0000,0x00000000319b0000)]
  0x0000000037430000 JavaThread "pool-2-thread-8" [_thread_blocked, id=18796, stack(0x00000000355b0000,0x00000000357b0000)]
  0x0000000041091000 JavaThread "Thread-38" [_thread_blocked, id=15728, stack(0x00000000460a0000,0x00000000462a0000)]
  0x0000000041090000 JavaThread "Thread-40" [_thread_blocked, id=9468, stack(0x000000004ac70000,0x000000004ae70000)]
  0x0000000041092000 JavaThread "C2 CompilerThread1" daemon [_thread_blocked, id=20728, stack(0x00000000464a0000,0x00000000466a0000)]

Other Threads:
  0x0000000028254800 VMThread "VM Thread" [stack: 0x00000000285d0000,0x00000000287d0000] [id=20608]
  0x000000002844f000 WatcherThread [stack: 0x00000000298d0000,0x0000000029ad0000] [id=1420]
  0x00000000032c9800 GCTaskThread "GC Thread#0" [stack: 0x0000000002c50000,0x0000000002e50000] [id=22356]
  0x0000000032269800 GCTaskThread "GC Thread#1" [stack: 0x0000000033b80000,0x0000000033d80000] [id=15312]
  0x000000002a46c000 GCTaskThread "GC Thread#2" [stack: 0x0000000033d80000,0x0000000033f80000] [id=21952]
  0x0000000032219000 GCTaskThread "GC Thread#3" [stack: 0x0000000033f80000,0x0000000034180000] [id=21176]
  0x0000000032661000 GCTaskThread "GC Thread#4" [stack: 0x0000000034180000,0x0000000034380000] [id=18312]
  0x0000000032662000 GCTaskThread "GC Thread#5" [stack: 0x0000000034380000,0x0000000034580000] [id=16108]
  0x0000000032552000 GCTaskThread "GC Thread#6" [stack: 0x0000000034580000,0x0000000034780000] [id=3684]
  0x0000000032110800 GCTaskThread "GC Thread#7" [stack: 0x0000000034780000,0x0000000034980000] [id=9464]
  0x000000003210e800 GCTaskThread "GC Thread#8" [stack: 0x0000000034980000,0x0000000034b80000] [id=12748]
  0x0000000032111800 GCTaskThread "GC Thread#9" [stack: 0x0000000034b80000,0x0000000034d80000] [id=4908]
  0x0000000003329000 ConcurrentGCThread "G1 Main Marker" [stack: 0x0000000024510000,0x0000000024710000] [id=14728]
  0x000000000332a000 ConcurrentGCThread "G1 Conc#0" [stack: 0x0000000024710000,0x0000000024910000] [id=18056]
  0x000000003210d000 ConcurrentGCThread "G1 Conc#1" [stack: 0x0000000039500000,0x0000000039700000] [id=4932]
  0x000000003210d800 ConcurrentGCThread "G1 Conc#2" [stack: 0x0000000039700000,0x0000000039900000] [id=3036]
  0x00000000274b5800 ConcurrentGCThread "G1 Refine#0" [stack: 0x00000000275d0000,0x00000000277d0000] [id=4492]
  0x000000002a25c800 ConcurrentGCThread "G1 Refine#1" [stack: 0x0000000034d80000,0x0000000034f80000] [id=14944]
  0x00000000274b6800 ConcurrentGCThread "G1 Young RemSet Sampling" [stack: 0x00000000277d0000,0x00000000279d0000] [id=1676]

Threads with active compile tasks:
C2 CompilerThread017236 %     4       bluej.editor.moe.BlueJSyntaxView::drawImageFor @ 462 (919 bytes)

VM state:not at safepoint (normal execution)

VM Mutex/Monitor currently owned by a thread: None

Heap address: 0x0000000702400000, size: 4060 MB, Compressed Oops mode: Zero based, Oop shift amount: 3
Narrow klass base: 0x0000000800000000, Narrow klass shift: 0
Compressed class space size: 1073741824 Address: 0x0000000800000000

Heap:
 garbage-first heap   total 242688K, used 166621K [0x0000000702400000, 0x0000000800000000)
  region size 1024K, 83 young (84992K), 0 survivors (0K)
 Metaspace       used 70570K, capacity 74405K, committed 74496K, reserved 1114112K
  class space    used 9106K, capacity 10691K, committed 10752K, reserved 1048576K
Heap Regions: E=young(eden), S=young(survivor), O=old, HS=humongous(starts), HC=humongous(continues), CS=collection set, F=free, A=archive, TAMS=top-at-mark-start (previous, next)
|   0|0x0000000702400000, 0x0000000702500000, 0x0000000702500000|100%| O|  |TAMS 0x0000000702400000, 0x0000000702400000| Untracked 
|   1|0x0000000702500000, 0x00000007025ffff8, 0x0000000702600000| 99%| O|  |TAMS 0x0000000702500000, 0x0000000702500000| Untracked 
|   2|0x0000000702600000, 0x00000007026ffff0, 0x0000000702700000| 99%| O|  |TAMS 0x0000000702600000, 0x0000000702600000| Untracked 
|   3|0x0000000702700000, 0x0000000702800000, 0x0000000702800000|100%| O|  |TAMS 0x0000000702700000, 0x0000000702700000| Untracked 
|   4|0x0000000702800000, 0x0000000702900000, 0x0000000702900000|100%| O|  |TAMS 0x0000000702800000, 0x0000000702800000| Untracked 
|   5|0x0000000702900000, 0x00000007029ffff0, 0x0000000702a00000| 99%| O|  |TAMS 0x0000000702900000, 0x0000000702900000| Untracked 
|   6|0x0000000702a00000, 0x0000000702affff0, 0x0000000702b00000| 99%| O|  |TAMS 0x0000000702a00000, 0x0000000702a00000| Untracked 
|   7|0x0000000702b00000, 0x0000000702bfffe8, 0x0000000702c00000| 99%| O|  |TAMS 0x0000000702b00000, 0x0000000702b00000| Untracked 
|   8|0x0000000702c00000, 0x0000000702cffff0, 0x0000000702d00000| 99%| O|  |TAMS 0x0000000702c00000, 0x0000000702c00000| Untracked 
|   9|0x0000000702d00000, 0x0000000702dffff0, 0x0000000702e00000| 99%| O|  |TAMS 0x0000000702d00000, 0x0000000702d00000| Untracked 
|  10|0x0000000702e00000, 0x0000000702f00000, 0x0000000702f00000|100%| O|  |TAMS 0x0000000702e00000, 0x0000000702e00000| Untracked 
|  11|0x0000000702f00000, 0x0000000703000000, 0x0000000703000000|100%|HS|  |TAMS 0x0000000702f00000, 0x0000000702f00000| Untracked 
|  12|0x0000000703000000, 0x0000000703100000, 0x0000000703100000|100%|HC|  |TAMS 0x0000000703000000, 0x0000000703000000| Untracked 
|  13|0x0000000703100000, 0x00000007031ffff0, 0x0000000703200000| 99%| O|  |TAMS 0x0000000703100000, 0x0000000703100000| Untracked 
|  14|0x0000000703200000, 0x00000007032ffff8, 0x0000000703300000| 99%| O|  |TAMS 0x0000000703200000, 0x0000000703200000| Untracked 
|  15|0x0000000703300000, 0x00000007033ffff8, 0x0000000703400000| 99%| O|  |TAMS 0x0000000703300000, 0x0000000703300000| Untracked 
|  16|0x0000000703400000, 0x0000000703500000, 0x0000000703500000|100%| O|  |TAMS 0x0000000703400000, 0x0000000703400000| Untracked 
|  17|0x0000000703500000, 0x00000007035fffe8, 0x0000000703600000| 99%| O|  |TAMS 0x0000000703500000, 0x0000000703500000| Untracked 
|  18|0x0000000703600000, 0x00000007036fffe8, 0x0000000703700000| 99%| O|  |TAMS 0x0000000703600000, 0x0000000703600000| Untracked 
|  19|0x0000000703700000, 0x00000007037fffd0, 0x0000000703800000| 99%| O|  |TAMS 0x0000000703700000, 0x0000000703700000| Untracked 
|  20|0x0000000703800000, 0x00000007038ffff0, 0x0000000703900000| 99%| O|  |TAMS 0x0000000703800000, 0x0000000703800000| Untracked 
|  21|0x0000000703900000, 0x0000000703a00000, 0x0000000703a00000|100%| O|  |TAMS 0x0000000703900000, 0x0000000703900000| Untracked 
|  22|0x0000000703a00000, 0x0000000703afff60, 0x0000000703b00000| 99%| O|  |TAMS 0x0000000703a00000, 0x0000000703a00000| Untracked 
|  23|0x0000000703b00000, 0x0000000703bffff8, 0x0000000703c00000| 99%| O|  |TAMS 0x0000000703b00000, 0x0000000703b00000| Untracked 
|  24|0x0000000703c00000, 0x0000000703d00000, 0x0000000703d00000|100%| O|  |TAMS 0x0000000703c00000, 0x0000000703c00000| Untracked 
|  25|0x0000000703d00000, 0x0000000703dfffe8, 0x0000000703e00000| 99%| O|  |TAMS 0x0000000703d00000, 0x0000000703d00000| Untracked 
|  26|0x0000000703e00000, 0x0000000703effff0, 0x0000000703f00000| 99%| O|  |TAMS 0x0000000703e00000, 0x0000000703e00000| Untracked 
|  27|0x0000000703f00000, 0x0000000703fffff8, 0x0000000704000000| 99%| O|  |TAMS 0x0000000703f00000, 0x0000000703f00000| Untracked 
|  28|0x0000000704000000, 0x0000000704100000, 0x0000000704100000|100%| O|  |TAMS 0x0000000704000000, 0x0000000704000000| Untracked 
|  29|0x0000000704100000, 0x00000007041fffc8, 0x0000000704200000| 99%| O|  |TAMS 0x0000000704100000, 0x0000000704100000| Untracked 
|  30|0x0000000704200000, 0x0000000704300000, 0x0000000704300000|100%| O|  |TAMS 0x0000000704200000, 0x0000000704200000| Untracked 
|  31|0x0000000704300000, 0x0000000704400000, 0x0000000704400000|100%| O|  |TAMS 0x0000000704300000, 0x0000000704300000| Untracked 
|  32|0x0000000704400000, 0x0000000704500000, 0x0000000704500000|100%| O|  |TAMS 0x0000000704400000, 0x0000000704400000| Untracked 
|  33|0x0000000704500000, 0x00000007045ffff8, 0x0000000704600000| 99%| O|  |TAMS 0x0000000704500000, 0x0000000704500000| Untracked 
|  34|0x0000000704600000, 0x0000000704700000, 0x0000000704700000|100%| O|  |TAMS 0x0000000704600000, 0x0000000704600000| Untracked 
|  35|0x0000000704700000, 0x0000000704800000, 0x0000000704800000|100%| O|  |TAMS 0x0000000704700000, 0x0000000704700000| Untracked 
|  36|0x0000000704800000, 0x00000007048ffff0, 0x0000000704900000| 99%| O|  |TAMS 0x0000000704800000, 0x0000000704800000| Untracked 
|  37|0x0000000704900000, 0x0000000704a00000, 0x0000000704a00000|100%| O|  |TAMS 0x0000000704900000, 0x0000000704900000| Untracked 
|  38|0x0000000704a00000, 0x0000000704affff0, 0x0000000704b00000| 99%| O|  |TAMS 0x0000000704a00000, 0x0000000704a00000| Untracked 
|  39|0x0000000704b00000, 0x0000000704c00000, 0x0000000704c00000|100%|HS|  |TAMS 0x0000000704b00000, 0x0000000704b00000| Untracked 
|  40|0x0000000704c00000, 0x0000000704d00000, 0x0000000704d00000|100%|HC|  |TAMS 0x0000000704c00000, 0x0000000704c00000| Untracked 
|  41|0x0000000704d00000, 0x0000000704dfffe8, 0x0000000704e00000| 99%| O|  |TAMS 0x0000000704d00000, 0x0000000704d00000| Untracked 
|  42|0x0000000704e00000, 0x0000000704efffd0, 0x0000000704f00000| 99%| O|  |TAMS 0x0000000704e00000, 0x0000000704e00000| Untracked 
|  43|0x0000000704f00000, 0x0000000705000000, 0x0000000705000000|100%| O|  |TAMS 0x0000000704f00000, 0x0000000704f00000| Untracked 
|  44|0x0000000705000000, 0x00000007050ffff0, 0x0000000705100000| 99%| O|  |TAMS 0x0000000705000000, 0x0000000705000000| Untracked 
|  45|0x0000000705100000, 0x00000007051ffff0, 0x0000000705200000| 99%| O|  |TAMS 0x0000000705100000, 0x0000000705100000| Untracked 
|  46|0x0000000705200000, 0x00000007052fffd8, 0x0000000705300000| 99%| O|  |TAMS 0x0000000705200000, 0x0000000705200000| Untracked 
|  47|0x0000000705300000, 0x0000000705400000, 0x0000000705400000|100%| O|  |TAMS 0x0000000705300000, 0x0000000705300000| Untracked 
|  48|0x0000000705400000, 0x00000007054ffff0, 0x0000000705500000| 99%| O|  |TAMS 0x0000000705400000, 0x0000000705400000| Untracked 
|  49|0x0000000705500000, 0x00000007055fc608, 0x0000000705600000| 98%| O|  |TAMS 0x0000000705500000, 0x0000000705500000| Untracked 
|  50|0x0000000705600000, 0x00000007056ffff0, 0x0000000705700000| 99%| O|  |TAMS 0x0000000705600000, 0x0000000705600000| Untracked 
|  51|0x0000000705700000, 0x0000000705800000, 0x0000000705800000|100%|HS|  |TAMS 0x0000000705700000, 0x0000000705700000| Untracked 
|  52|0x0000000705800000, 0x00000007058fffe8, 0x0000000705900000| 99%| O|  |TAMS 0x0000000705800000, 0x0000000705800000| Untracked 
|  53|0x0000000705900000, 0x00000007059fffe8, 0x0000000705a00000| 99%| O|  |TAMS 0x0000000705900000, 0x0000000705900000| Untracked 
|  54|0x0000000705a00000, 0x0000000705affff0, 0x0000000705b00000| 99%| O|  |TAMS 0x0000000705a00000, 0x0000000705a00000| Untracked 
|  55|0x0000000705b00000, 0x0000000705bfff80, 0x0000000705c00000| 99%| O|  |TAMS 0x0000000705b00000, 0x0000000705b00000| Untracked 
|  56|0x0000000705c00000, 0x0000000705cffff0, 0x0000000705d00000| 99%| O|  |TAMS 0x0000000705c00000, 0x0000000705c00000| Untracked 
|  57|0x0000000705d00000, 0x0000000705dd2f68, 0x0000000705e00000| 82%| O|  |TAMS 0x0000000705d00000, 0x0000000705d00000| Untracked 
|  58|0x0000000705e00000, 0x0000000705e04560, 0x0000000705f00000|  1%| O|  |TAMS 0x0000000705e00000, 0x0000000705e00000| Untracked 
|  59|0x0000000705f00000, 0x0000000706000000, 0x0000000706000000|100%|HS|  |TAMS 0x0000000705f00000, 0x0000000705f00000| Complete 
|  60|0x0000000706000000, 0x0000000706100000, 0x0000000706100000|100%|HC|  |TAMS 0x0000000706000000, 0x0000000706000000| Complete 
|  61|0x0000000706100000, 0x0000000706200000, 0x0000000706200000|100%|HS|  |TAMS 0x0000000706100000, 0x0000000706100000| Untracked 
|  62|0x0000000706200000, 0x0000000706300000, 0x0000000706300000|100%|HS|  |TAMS 0x0000000706200000, 0x0000000706200000| Complete 
|  63|0x0000000706300000, 0x0000000706400000, 0x0000000706400000|100%|HC|  |TAMS 0x0000000706300000, 0x0000000706300000| Complete 
|  64|0x0000000706400000, 0x0000000706500000, 0x0000000706500000|100%|HS|  |TAMS 0x0000000706400000, 0x0000000706400000| Untracked 
|  65|0x0000000706500000, 0x0000000706600000, 0x0000000706600000|100%|HC|  |TAMS 0x0000000706500000, 0x0000000706500000| Untracked 
|  66|0x0000000706600000, 0x0000000706700000, 0x0000000706700000|100%|HS|  |TAMS 0x0000000706600000, 0x0000000706600000| Complete 
|  67|0x0000000706700000, 0x0000000706700000, 0x0000000706800000|  0%| F|  |TAMS 0x0000000706700000, 0x0000000706700000| Untracked 
|  68|0x0000000706800000, 0x0000000706800000, 0x0000000706900000|  0%| F|  |TAMS 0x0000000706800000, 0x0000000706800000| Untracked 
|  69|0x0000000706900000, 0x0000000706900000, 0x0000000706a00000|  0%| F|  |TAMS 0x0000000706900000, 0x0000000706900000| Untracked 
|  70|0x0000000706a00000, 0x0000000706b00000, 0x0000000706b00000|100%|HS|  |TAMS 0x0000000706a00000, 0x0000000706a00000| Untracked 
|  71|0x0000000706b00000, 0x0000000706c00000, 0x0000000706c00000|100%|HC|  |TAMS 0x0000000706b00000, 0x0000000706b00000| Untracked 
|  72|0x0000000706c00000, 0x0000000706c00000, 0x0000000706d00000|  0%| F|  |TAMS 0x0000000706c00000, 0x0000000706c00000| Untracked 
|  73|0x0000000706d00000, 0x0000000706e00000, 0x0000000706e00000|100%|HS|  |TAMS 0x0000000706d00000, 0x0000000706d00000| Untracked 
|  74|0x0000000706e00000, 0x0000000706f00000, 0x0000000706f00000|100%|HC|  |TAMS 0x0000000706e00000, 0x0000000706e00000| Untracked 
|  75|0x0000000706f00000, 0x0000000707000000, 0x0000000707000000|100%|HS|  |TAMS 0x0000000706f00000, 0x0000000706f00000| Untracked 
|  76|0x0000000707000000, 0x0000000707100000, 0x0000000707100000|100%|HC|  |TAMS 0x0000000707000000, 0x0000000707000000| Untracked 
|  77|0x0000000707100000, 0x0000000707100000, 0x0000000707200000|  0%| F|  |TAMS 0x0000000707100000, 0x0000000707100000| Untracked 
|  78|0x0000000707200000, 0x0000000707200000, 0x0000000707300000|  0%| F|  |TAMS 0x0000000707200000, 0x0000000707200000| Untracked 
|  79|0x0000000707300000, 0x0000000707400000, 0x0000000707400000|100%|HS|  |TAMS 0x0000000707300000, 0x0000000707300000| Untracked 
|  80|0x0000000707400000, 0x0000000707500000, 0x0000000707500000|100%|HC|  |TAMS 0x0000000707400000, 0x0000000707400000| Untracked 
|  81|0x0000000707500000, 0x0000000707500000, 0x0000000707600000|  0%| F|  |TAMS 0x0000000707500000, 0x0000000707500000| Untracked 
|  82|0x0000000707600000, 0x0000000707600000, 0x0000000707700000|  0%| F|  |TAMS 0x0000000707600000, 0x0000000707600000| Untracked 
|  83|0x0000000707700000, 0x0000000707700000, 0x0000000707800000|  0%| F|  |TAMS 0x0000000707700000, 0x0000000707700000| Untracked 
|  84|0x0000000707800000, 0x0000000707800000, 0x0000000707900000|  0%| F|  |TAMS 0x0000000707800000, 0x0000000707800000| Untracked 
|  85|0x0000000707900000, 0x0000000707900000, 0x0000000707a00000|  0%| F|  |TAMS 0x0000000707900000, 0x0000000707900000| Untracked 
|  86|0x0000000707a00000, 0x0000000707a00000, 0x0000000707b00000|  0%| F|  |TAMS 0x0000000707a00000, 0x0000000707a00000| Untracked 
|  87|0x0000000707b00000, 0x0000000707b00000, 0x0000000707c00000|  0%| F|  |TAMS 0x0000000707b00000, 0x0000000707b00000| Untracked 
|  88|0x0000000707c00000, 0x0000000707c00000, 0x0000000707d00000|  0%| F|  |TAMS 0x0000000707c00000, 0x0000000707c00000| Untracked 
|  89|0x0000000707d00000, 0x0000000707d00000, 0x0000000707e00000|  0%| F|  |TAMS 0x0000000707d00000, 0x0000000707d00000| Untracked 
|  90|0x0000000707e00000, 0x0000000707e00000, 0x0000000707f00000|  0%| F|  |TAMS 0x0000000707e00000, 0x0000000707e00000| Untracked 
|  91|0x0000000707f00000, 0x0000000707f00000, 0x0000000708000000|  0%| F|  |TAMS 0x0000000707f00000, 0x0000000707f00000| Untracked 
|  92|0x0000000708000000, 0x0000000708000000, 0x0000000708100000|  0%| F|  |TAMS 0x0000000708000000, 0x0000000708000000| Untracked 
|  93|0x0000000708100000, 0x0000000708100000, 0x0000000708200000|  0%| F|  |TAMS 0x0000000708100000, 0x0000000708100000| Untracked 
|  94|0x0000000708200000, 0x0000000708200000, 0x0000000708300000|  0%| F|  |TAMS 0x0000000708200000, 0x0000000708200000| Untracked 
|  95|0x0000000708300000, 0x0000000708300000, 0x0000000708400000|  0%| F|  |TAMS 0x0000000708300000, 0x0000000708300000| Untracked 
|  96|0x0000000708400000, 0x0000000708400000, 0x0000000708500000|  0%| F|  |TAMS 0x0000000708400000, 0x0000000708400000| Untracked 
|  97|0x0000000708500000, 0x0000000708500000, 0x0000000708600000|  0%| F|  |TAMS 0x0000000708500000, 0x0000000708500000| Untracked 
|  98|0x0000000708600000, 0x0000000708600000, 0x0000000708700000|  0%| F|  |TAMS 0x0000000708600000, 0x0000000708600000| Untracked 
|  99|0x0000000708700000, 0x0000000708700000, 0x0000000708800000|  0%| F|  |TAMS 0x0000000708700000, 0x0000000708700000| Untracked 
| 100|0x0000000708800000, 0x0000000708800000, 0x0000000708900000|  0%| F|  |TAMS 0x0000000708800000, 0x0000000708800000| Untracked 
| 101|0x0000000708900000, 0x0000000708900000, 0x0000000708a00000|  0%| F|  |TAMS 0x0000000708900000, 0x0000000708900000| Untracked 
| 102|0x0000000708a00000, 0x0000000708b00000, 0x0000000708b00000|100%| O|  |TAMS 0x0000000708a00000, 0x0000000708a00000| Untracked 
| 103|0x0000000708b00000, 0x0000000708b00000, 0x0000000708c00000|  0%| F|  |TAMS 0x0000000708b00000, 0x0000000708b00000| Untracked 
| 104|0x0000000708c00000, 0x0000000708c00000, 0x0000000708d00000|  0%| F|  |TAMS 0x0000000708c00000, 0x0000000708c00000| Untracked 
| 105|0x0000000708d00000, 0x0000000708d00000, 0x0000000708e00000|  0%| F|  |TAMS 0x0000000708d00000, 0x0000000708d00000| Untracked 
| 106|0x0000000708e00000, 0x0000000708e00000, 0x0000000708f00000|  0%| F|  |TAMS 0x0000000708e00000, 0x0000000708e00000| Untracked 
| 107|0x0000000708f00000, 0x0000000708f00000, 0x0000000709000000|  0%| F|  |TAMS 0x0000000708f00000, 0x0000000708f00000| Untracked 
| 108|0x0000000709000000, 0x0000000709000000, 0x0000000709100000|  0%| F|  |TAMS 0x0000000709000000, 0x0000000709000000| Untracked 
| 109|0x0000000709100000, 0x0000000709100000, 0x0000000709200000|  0%| F|  |TAMS 0x0000000709100000, 0x0000000709100000| Untracked 
| 110|0x0000000709200000, 0x0000000709200000, 0x0000000709300000|  0%| F|  |TAMS 0x0000000709200000, 0x0000000709200000| Untracked 
| 111|0x0000000709300000, 0x0000000709300000, 0x0000000709400000|  0%| F|  |TAMS 0x0000000709300000, 0x0000000709300000| Untracked 
| 112|0x0000000709400000, 0x0000000709400000, 0x0000000709500000|  0%| F|  |TAMS 0x0000000709400000, 0x0000000709400000| Untracked 
| 113|0x0000000709500000, 0x0000000709500000, 0x0000000709600000|  0%| F|  |TAMS 0x0000000709500000, 0x0000000709500000| Untracked 
| 114|0x0000000709600000, 0x0000000709600000, 0x0000000709700000|  0%| F|  |TAMS 0x0000000709600000, 0x0000000709600000| Untracked 
| 115|0x0000000709700000, 0x0000000709700000, 0x0000000709800000|  0%| F|  |TAMS 0x0000000709700000, 0x0000000709700000| Untracked 
| 116|0x0000000709800000, 0x0000000709800000, 0x0000000709900000|  0%| F|  |TAMS 0x0000000709800000, 0x0000000709800000| Untracked 
| 117|0x0000000709900000, 0x0000000709900000, 0x0000000709a00000|  0%| F|  |TAMS 0x0000000709900000, 0x0000000709900000| Untracked 
| 118|0x0000000709a00000, 0x0000000709a00000, 0x0000000709b00000|  0%| F|  |TAMS 0x0000000709a00000, 0x0000000709a00000| Untracked 
| 119|0x0000000709b00000, 0x0000000709b00000, 0x0000000709c00000|  0%| F|  |TAMS 0x0000000709b00000, 0x0000000709b00000| Untracked 
| 120|0x0000000709c00000, 0x0000000709c00000, 0x0000000709d00000|  0%| F|  |TAMS 0x0000000709c00000, 0x0000000709c00000| Untracked 
| 121|0x0000000709d00000, 0x0000000709d00000, 0x0000000709e00000|  0%| F|  |TAMS 0x0000000709d00000, 0x0000000709d00000| Untracked 
| 122|0x0000000709e00000, 0x0000000709e00000, 0x0000000709f00000|  0%| F|  |TAMS 0x0000000709e00000, 0x0000000709e00000| Untracked 
| 123|0x0000000709f00000, 0x0000000709f00000, 0x000000070a000000|  0%| F|  |TAMS 0x0000000709f00000, 0x0000000709f00000| Untracked 
| 124|0x000000070a000000, 0x000000070a000000, 0x000000070a100000|  0%| F|  |TAMS 0x000000070a000000, 0x000000070a000000| Untracked 
| 125|0x000000070a100000, 0x000000070a100000, 0x000000070a200000|  0%| F|  |TAMS 0x000000070a100000, 0x000000070a100000| Untracked 
| 126|0x000000070a200000, 0x000000070a200000, 0x000000070a300000|  0%| F|  |TAMS 0x000000070a200000, 0x000000070a200000| Untracked 
| 127|0x000000070a300000, 0x000000070a300000, 0x000000070a400000|  0%| F|  |TAMS 0x000000070a300000, 0x000000070a300000| Untracked 
| 128|0x000000070a400000, 0x000000070a400000, 0x000000070a500000|  0%| F|  |TAMS 0x000000070a400000, 0x000000070a400000| Untracked 
| 129|0x000000070a500000, 0x000000070a500000, 0x000000070a600000|  0%| F|  |TAMS 0x000000070a500000, 0x000000070a500000| Untracked 
| 130|0x000000070a600000, 0x000000070a600000, 0x000000070a700000|  0%| F|  |TAMS 0x000000070a600000, 0x000000070a600000| Untracked 
| 131|0x000000070a700000, 0x000000070a700000, 0x000000070a800000|  0%| F|  |TAMS 0x000000070a700000, 0x000000070a700000| Untracked 
| 132|0x000000070a800000, 0x000000070a800000, 0x000000070a900000|  0%| F|  |TAMS 0x000000070a800000, 0x000000070a800000| Untracked 
| 133|0x000000070a900000, 0x000000070a900000, 0x000000070aa00000|  0%| F|  |TAMS 0x000000070a900000, 0x000000070a900000| Untracked 
| 134|0x000000070aa00000, 0x000000070aa00000, 0x000000070ab00000|  0%| F|  |TAMS 0x000000070aa00000, 0x000000070aa00000| Untracked 
| 135|0x000000070ab00000, 0x000000070abed1e0, 0x000000070ac00000| 92%| O|  |TAMS 0x000000070ab00000, 0x000000070ab00000| Untracked 
| 136|0x000000070ac00000, 0x000000070ac00000, 0x000000070ad00000|  0%| F|  |TAMS 0x000000070ac00000, 0x000000070ac00000| Untracked 
| 137|0x000000070ad00000, 0x000000070adf7c10, 0x000000070ae00000| 96%| O|  |TAMS 0x000000070ad00000, 0x000000070ad00000| Untracked 
| 138|0x000000070ae00000, 0x000000070aefc498, 0x000000070af00000| 98%| O|  |TAMS 0x000000070ae00000, 0x000000070ae00000| Untracked 
| 139|0x000000070af00000, 0x000000070af00000, 0x000000070b000000|  0%| F|  |TAMS 0x000000070af00000, 0x000000070af00000| Untracked 
| 140|0x000000070b000000, 0x000000070b05d158, 0x000000070b100000| 36%| O|  |TAMS 0x000000070b000000, 0x000000070b000000| Untracked 
| 141|0x000000070b100000, 0x000000070b100000, 0x000000070b200000|  0%| F|  |TAMS 0x000000070b100000, 0x000000070b100000| Untracked 
| 142|0x000000070b200000, 0x000000070b200000, 0x000000070b300000|  0%| F|  |TAMS 0x000000070b200000, 0x000000070b200000| Untracked 
| 143|0x000000070b300000, 0x000000070b300000, 0x000000070b400000|  0%| F|  |TAMS 0x000000070b300000, 0x000000070b300000| Untracked 
| 144|0x000000070b400000, 0x000000070b400000, 0x000000070b500000|  0%| F|  |TAMS 0x000000070b400000, 0x000000070b400000| Untracked 
| 145|0x000000070b500000, 0x000000070b5fffe8, 0x000000070b600000| 99%| O|  |TAMS 0x000000070b500000, 0x000000070b500000| Untracked 
| 146|0x000000070b600000, 0x000000070b600000, 0x000000070b700000|  0%| F|  |TAMS 0x000000070b600000, 0x000000070b600000| Untracked 
| 147|0x000000070b700000, 0x000000070b700000, 0x000000070b800000|  0%| F|  |TAMS 0x000000070b700000, 0x000000070b700000| Untracked 
| 148|0x000000070b800000, 0x000000070b8feaa8, 0x000000070b900000| 99%| O|  |TAMS 0x000000070b800000, 0x000000070b800000| Untracked 
| 149|0x000000070b900000, 0x000000070b900000, 0x000000070ba00000|  0%| F|  |TAMS 0x000000070b900000, 0x000000070b900000| Untracked 
| 150|0x000000070ba00000, 0x000000070ba89eb0, 0x000000070bb00000| 53%| O|  |TAMS 0x000000070ba00000, 0x000000070ba00000| Untracked 
| 151|0x000000070bb00000, 0x000000070bb00000, 0x000000070bc00000|  0%| F|  |TAMS 0x000000070bb00000, 0x000000070bb00000| Untracked 
| 152|0x000000070bc00000, 0x000000070bc00000, 0x000000070bd00000|  0%| F|  |TAMS 0x000000070bc00000, 0x000000070bc00000| Untracked 
| 153|0x000000070bd00000, 0x000000070bd85810, 0x000000070be00000| 52%| E|  |TAMS 0x000000070bd00000, 0x000000070bd00000| Complete 
| 154|0x000000070be00000, 0x000000070be1d170, 0x000000070bf00000| 11%| O|  |TAMS 0x000000070be00000, 0x000000070be00000| Untracked 
| 155|0x000000070bf00000, 0x000000070c000000, 0x000000070c000000|100%| E|CS|TAMS 0x000000070bf00000, 0x000000070bf00000| Complete 
| 156|0x000000070c000000, 0x000000070c100000, 0x000000070c100000|100%| E|CS|TAMS 0x000000070c000000, 0x000000070c000000| Complete 
| 157|0x000000070c100000, 0x000000070c200000, 0x000000070c200000|100%| E|CS|TAMS 0x000000070c100000, 0x000000070c100000| Complete 
| 158|0x000000070c200000, 0x000000070c300000, 0x000000070c300000|100%| E|CS|TAMS 0x000000070c200000, 0x000000070c200000| Complete 
| 159|0x000000070c300000, 0x000000070c400000, 0x000000070c400000|100%| E|CS|TAMS 0x000000070c300000, 0x000000070c300000| Complete 
| 160|0x000000070c400000, 0x000000070c500000, 0x000000070c500000|100%| E|CS|TAMS 0x000000070c400000, 0x000000070c400000| Complete 
| 161|0x000000070c500000, 0x000000070c600000, 0x000000070c600000|100%| E|CS|TAMS 0x000000070c500000, 0x000000070c500000| Complete 
| 162|0x000000070c600000, 0x000000070c700000, 0x000000070c700000|100%| E|CS|TAMS 0x000000070c600000, 0x000000070c600000| Complete 
| 163|0x000000070c700000, 0x000000070c800000, 0x000000070c800000|100%| E|CS|TAMS 0x000000070c700000, 0x000000070c700000| Complete 
| 164|0x000000070c800000, 0x000000070c900000, 0x000000070c900000|100%| E|CS|TAMS 0x000000070c800000, 0x000000070c800000| Complete 
| 165|0x000000070c900000, 0x000000070ca00000, 0x000000070ca00000|100%| E|CS|TAMS 0x000000070c900000, 0x000000070c900000| Complete 
| 166|0x000000070ca00000, 0x000000070cb00000, 0x000000070cb00000|100%| E|CS|TAMS 0x000000070ca00000, 0x000000070ca00000| Complete 
| 167|0x000000070cb00000, 0x000000070cc00000, 0x000000070cc00000|100%| E|CS|TAMS 0x000000070cb00000, 0x000000070cb00000| Complete 
| 168|0x000000070cc00000, 0x000000070cd00000, 0x000000070cd00000|100%| E|CS|TAMS 0x000000070cc00000, 0x000000070cc00000| Complete 
| 169|0x000000070cd00000, 0x000000070ce00000, 0x000000070ce00000|100%| E|CS|TAMS 0x000000070cd00000, 0x000000070cd00000| Complete 
| 170|0x000000070ce00000, 0x000000070cf00000, 0x000000070cf00000|100%| E|CS|TAMS 0x000000070ce00000, 0x000000070ce00000| Complete 
| 171|0x000000070cf00000, 0x000000070d000000, 0x000000070d000000|100%| E|CS|TAMS 0x000000070cf00000, 0x000000070cf00000| Complete 
| 172|0x000000070d000000, 0x000000070d100000, 0x000000070d100000|100%| E|CS|TAMS 0x000000070d000000, 0x000000070d000000| Complete 
| 173|0x000000070d100000, 0x000000070d200000, 0x000000070d200000|100%| E|CS|TAMS 0x000000070d100000, 0x000000070d100000| Complete 
| 174|0x000000070d200000, 0x000000070d300000, 0x000000070d300000|100%| E|CS|TAMS 0x000000070d200000, 0x000000070d200000| Complete 
| 175|0x000000070d300000, 0x000000070d400000, 0x000000070d400000|100%| E|CS|TAMS 0x000000070d300000, 0x000000070d300000| Complete 
| 176|0x000000070d400000, 0x000000070d500000, 0x000000070d500000|100%| E|CS|TAMS 0x000000070d400000, 0x000000070d400000| Complete 
| 177|0x000000070d500000, 0x000000070d600000, 0x000000070d600000|100%| E|CS|TAMS 0x000000070d500000, 0x000000070d500000| Complete 
| 178|0x000000070d600000, 0x000000070d700000, 0x000000070d700000|100%| E|CS|TAMS 0x000000070d600000, 0x000000070d600000| Complete 
| 179|0x000000070d700000, 0x000000070d800000, 0x000000070d800000|100%| E|CS|TAMS 0x000000070d700000, 0x000000070d700000| Complete 
| 180|0x000000070d800000, 0x000000070d900000, 0x000000070d900000|100%| E|CS|TAMS 0x000000070d800000, 0x000000070d800000| Complete 
| 181|0x000000070d900000, 0x000000070da00000, 0x000000070da00000|100%| E|CS|TAMS 0x000000070d900000, 0x000000070d900000| Complete 
| 182|0x000000070da00000, 0x000000070db00000, 0x000000070db00000|100%| E|CS|TAMS 0x000000070da00000, 0x000000070da00000| Complete 
| 183|0x000000070db00000, 0x000000070dc00000, 0x000000070dc00000|100%| E|CS|TAMS 0x000000070db00000, 0x000000070db00000| Complete 
| 184|0x000000070dc00000, 0x000000070dd00000, 0x000000070dd00000|100%| E|CS|TAMS 0x000000070dc00000, 0x000000070dc00000| Complete 
| 185|0x000000070dd00000, 0x000000070de00000, 0x000000070de00000|100%| E|CS|TAMS 0x000000070dd00000, 0x000000070dd00000| Complete 
| 186|0x000000070de00000, 0x000000070df00000, 0x000000070df00000|100%| E|CS|TAMS 0x000000070de00000, 0x000000070de00000| Complete 
| 187|0x000000070df00000, 0x000000070e000000, 0x000000070e000000|100%| E|CS|TAMS 0x000000070df00000, 0x000000070df00000| Complete 
| 188|0x000000070e000000, 0x000000070e100000, 0x000000070e100000|100%| E|CS|TAMS 0x000000070e000000, 0x000000070e000000| Complete 
| 189|0x000000070e100000, 0x000000070e200000, 0x000000070e200000|100%| E|CS|TAMS 0x000000070e100000, 0x000000070e100000| Complete 
| 190|0x000000070e200000, 0x000000070e300000, 0x000000070e300000|100%| E|CS|TAMS 0x000000070e200000, 0x000000070e200000| Complete 
| 191|0x000000070e300000, 0x000000070e400000, 0x000000070e400000|100%| E|CS|TAMS 0x000000070e300000, 0x000000070e300000| Complete 
| 192|0x000000070e400000, 0x000000070e500000, 0x000000070e500000|100%| E|CS|TAMS 0x000000070e400000, 0x000000070e400000| Complete 
| 193|0x000000070e500000, 0x000000070e600000, 0x000000070e600000|100%| E|CS|TAMS 0x000000070e500000, 0x000000070e500000| Complete 
| 194|0x000000070e600000, 0x000000070e700000, 0x000000070e700000|100%| E|CS|TAMS 0x000000070e600000, 0x000000070e600000| Complete 
| 195|0x000000070e700000, 0x000000070e800000, 0x000000070e800000|100%| E|CS|TAMS 0x000000070e700000, 0x000000070e700000| Complete 
| 196|0x000000070e800000, 0x000000070e900000, 0x000000070e900000|100%| E|CS|TAMS 0x000000070e800000, 0x000000070e800000| Complete 
| 197|0x000000070e900000, 0x000000070ea00000, 0x000000070ea00000|100%| E|CS|TAMS 0x000000070e900000, 0x000000070e900000| Complete 
| 198|0x000000070ea00000, 0x000000070eb00000, 0x000000070eb00000|100%| E|CS|TAMS 0x000000070ea00000, 0x000000070ea00000| Complete 
| 199|0x000000070eb00000, 0x000000070ec00000, 0x000000070ec00000|100%| E|CS|TAMS 0x000000070eb00000, 0x000000070eb00000| Complete 
| 200|0x000000070ec00000, 0x000000070ed00000, 0x000000070ed00000|100%| E|CS|TAMS 0x000000070ec00000, 0x000000070ec00000| Complete 
| 201|0x000000070ed00000, 0x000000070ee00000, 0x000000070ee00000|100%| E|CS|TAMS 0x000000070ed00000, 0x000000070ed00000| Complete 
| 202|0x000000070ee00000, 0x000000070ef00000, 0x000000070ef00000|100%| E|CS|TAMS 0x000000070ee00000, 0x000000070ee00000| Complete 
| 203|0x000000070ef00000, 0x000000070f000000, 0x000000070f000000|100%| E|CS|TAMS 0x000000070ef00000, 0x000000070ef00000| Complete 
| 204|0x000000070f000000, 0x000000070f100000, 0x000000070f100000|100%| E|CS|TAMS 0x000000070f000000, 0x000000070f000000| Complete 
| 205|0x000000070f100000, 0x000000070f200000, 0x000000070f200000|100%| E|CS|TAMS 0x000000070f100000, 0x000000070f100000| Complete 
| 206|0x000000070f200000, 0x000000070f300000, 0x000000070f300000|100%| E|CS|TAMS 0x000000070f200000, 0x000000070f200000| Complete 
| 207|0x000000070f300000, 0x000000070f400000, 0x000000070f400000|100%| E|CS|TAMS 0x000000070f300000, 0x000000070f300000| Complete 
| 208|0x000000070f400000, 0x000000070f500000, 0x000000070f500000|100%| E|CS|TAMS 0x000000070f400000, 0x000000070f400000| Complete 
| 209|0x000000070f500000, 0x000000070f600000, 0x000000070f600000|100%| E|CS|TAMS 0x000000070f500000, 0x000000070f500000| Complete 
| 210|0x000000070f600000, 0x000000070f700000, 0x000000070f700000|100%| E|CS|TAMS 0x000000070f600000, 0x000000070f600000| Complete 
| 211|0x000000070f700000, 0x000000070f800000, 0x000000070f800000|100%| E|CS|TAMS 0x000000070f700000, 0x000000070f700000| Complete 
| 212|0x000000070f800000, 0x000000070f900000, 0x000000070f900000|100%| E|CS|TAMS 0x000000070f800000, 0x000000070f800000| Complete 
| 213|0x000000070f900000, 0x000000070fa00000, 0x000000070fa00000|100%| E|CS|TAMS 0x000000070f900000, 0x000000070f900000| Complete 
| 214|0x000000070fa00000, 0x000000070fb00000, 0x000000070fb00000|100%| E|CS|TAMS 0x000000070fa00000, 0x000000070fa00000| Complete 
| 215|0x000000070fb00000, 0x000000070fc00000, 0x000000070fc00000|100%| E|CS|TAMS 0x000000070fb00000, 0x000000070fb00000| Complete 
| 216|0x000000070fc00000, 0x000000070fd00000, 0x000000070fd00000|100%| E|CS|TAMS 0x000000070fc00000, 0x000000070fc00000| Complete 
| 217|0x000000070fd00000, 0x000000070fe00000, 0x000000070fe00000|100%| E|CS|TAMS 0x000000070fd00000, 0x000000070fd00000| Complete 
| 218|0x000000070fe00000, 0x000000070ff00000, 0x000000070ff00000|100%| E|CS|TAMS 0x000000070fe00000, 0x000000070fe00000| Complete 
| 219|0x000000070ff00000, 0x0000000710000000, 0x0000000710000000|100%| E|CS|TAMS 0x000000070ff00000, 0x000000070ff00000| Complete 
| 220|0x0000000710000000, 0x0000000710100000, 0x0000000710100000|100%| E|CS|TAMS 0x0000000710000000, 0x0000000710000000| Complete 
| 221|0x0000000710100000, 0x0000000710200000, 0x0000000710200000|100%| E|CS|TAMS 0x0000000710100000, 0x0000000710100000| Complete 
| 222|0x0000000710200000, 0x0000000710300000, 0x0000000710300000|100%| E|CS|TAMS 0x0000000710200000, 0x0000000710200000| Complete 
| 223|0x0000000710300000, 0x0000000710400000, 0x0000000710400000|100%| E|CS|TAMS 0x0000000710300000, 0x0000000710300000| Complete 
| 224|0x0000000710400000, 0x0000000710500000, 0x0000000710500000|100%| E|CS|TAMS 0x0000000710400000, 0x0000000710400000| Complete 
| 225|0x0000000710500000, 0x0000000710600000, 0x0000000710600000|100%| E|CS|TAMS 0x0000000710500000, 0x0000000710500000| Complete 
| 226|0x0000000710600000, 0x0000000710700000, 0x0000000710700000|100%| E|CS|TAMS 0x0000000710600000, 0x0000000710600000| Complete 
| 227|0x0000000710700000, 0x0000000710800000, 0x0000000710800000|100%| E|CS|TAMS 0x0000000710700000, 0x0000000710700000| Complete 
| 228|0x0000000710800000, 0x0000000710900000, 0x0000000710900000|100%| E|CS|TAMS 0x0000000710800000, 0x0000000710800000| Complete 
| 229|0x0000000710900000, 0x0000000710a00000, 0x0000000710a00000|100%| E|CS|TAMS 0x0000000710900000, 0x0000000710900000| Complete 
| 230|0x0000000710a00000, 0x0000000710b00000, 0x0000000710b00000|100%| E|CS|TAMS 0x0000000710a00000, 0x0000000710a00000| Complete 
| 231|0x0000000710b00000, 0x0000000710c00000, 0x0000000710c00000|100%| E|CS|TAMS 0x0000000710b00000, 0x0000000710b00000| Complete 
| 232|0x0000000710c00000, 0x0000000710d00000, 0x0000000710d00000|100%| E|CS|TAMS 0x0000000710c00000, 0x0000000710c00000| Complete 
| 233|0x0000000710d00000, 0x0000000710e00000, 0x0000000710e00000|100%| E|CS|TAMS 0x0000000710d00000, 0x0000000710d00000| Complete 
| 234|0x0000000710e00000, 0x0000000710f00000, 0x0000000710f00000|100%| E|CS|TAMS 0x0000000710e00000, 0x0000000710e00000| Complete 
| 235|0x0000000710f00000, 0x0000000711000000, 0x0000000711000000|100%| E|CS|TAMS 0x0000000710f00000, 0x0000000710f00000| Complete 
| 291|0x0000000714700000, 0x0000000714800000, 0x0000000714800000|100%| E|CS|TAMS 0x0000000714700000, 0x0000000714700000| Complete 

Card table byte_map: [0x000000001b540000,0x000000001bd30000] _byte_map_base: 0x0000000017d2e000

Marking Bits (Prev, Next): (CMBitMap*) 0x00000000033182d0, (CMBitMap*) 0x0000000003318298
 Prev Bits: [0x0000000020490000, 0x0000000024400000)
 Next Bits: [0x000000001c520000, 0x0000000020490000)

Polling page: 0x00000000001a0000

Metaspace:

Usage:
  Non-class:     62.22 MB capacity,    60.02 MB ( 96%) used,     1.79 MB (  3%) free+waste,   417.94 KB ( <1%) overhead. 
      Class:     10.44 MB capacity,     8.89 MB ( 85%) used,     1.35 MB ( 13%) free+waste,   197.81 KB (  2%) overhead. 
       Both:     72.66 MB capacity,    68.92 MB ( 95%) used,     3.14 MB (  4%) free+waste,   615.75 KB ( <1%) overhead. 

Virtual space:
  Non-class space:       64.00 MB reserved,      62.25 MB ( 97%) committed 
      Class space:        1.00 GB reserved,      10.50 MB (  1%) committed 
             Both:        1.06 GB reserved,      72.75 MB (  7%) committed 

Chunk freelists:
   Non-Class:  3.75 KB
       Class:  7.63 KB
        Both:  11.38 KB

CodeHeap 'non-profiled nmethods': size=120000Kb used=12694Kb max_used=12694Kb free=107306Kb
 bounds [0x0000000013080000, 0x0000000013cf0000, 0x000000001a5b0000]
CodeHeap 'profiled nmethods': size=120000Kb used=27703Kb max_used=30248Kb free=92296Kb
 bounds [0x000000000bb50000, 0x000000000d930000, 0x0000000013080000]
CodeHeap 'non-nmethods': size=5760Kb used=1571Kb max_used=1633Kb free=4188Kb
 bounds [0x000000000b5b0000, 0x000000000b820000, 0x000000000bb50000]
 total_blobs=24293 nmethods=13367 adapters=1000
 compilation: enabled
              stopped_count=0, restarted_count=0
 full_count=0

Compilation events (10 events):
Event: 634.207 Thread 0x0000000041092000 nmethod 17240 0x0000000013ce0e10 code [0x0000000013ce0fc0, 0x0000000013ce1558]
Event: 634.210 Thread 0x00000000282ec800 17243       3       org.reactfx.EventStreams$26$$Lambda$522/0x000000080050d840::accept (9 bytes)
Event: 634.210 Thread 0x00000000282ec800 nmethod 17243 0x000000000cb61510 code [0x000000000cb616e0, 0x000000000cb619d0]
Event: 634.212 Thread 0x0000000041092000 17244       4       javafx.scene.shape.Shape$StyleableProperties$1::getStyleableProperty (9 bytes)
Event: 634.216 Thread 0x0000000041092000 nmethod 17244 0x0000000013ce1910 code [0x0000000013ce1ac0, 0x0000000013ce1e18]
Event: 634.216 Thread 0x0000000041092000 17245       4       com.sun.javafx.text.PrismTextLayout::computeSideBearings (440 bytes)
Event: 634.228 Thread 0x00000000282ec800 17248       3       java.util.LinkedList::spliterator (11 bytes)
Event: 634.228 Thread 0x00000000282ec800 nmethod 17248 0x000000000cb62890 code [0x000000000cb62a60, 0x000000000cb62d58]
Event: 634.228 Thread 0x00000000282ec800 17249       3       java.util.LinkedList$LLSpliterator::<init> (20 bytes)
Event: 634.228 Thread 0x00000000282ec800 nmethod 17249 0x000000000cb48710 code [0x000000000cb488c0, 0x000000000cb48ad8]

GC Heap History (10 events):
Event: 480.276 GC heap before
{Heap before GC invocations=25 (full 5):
 garbage-first heap   total 242688K, used 89959K [0x0000000702400000, 0x0000000800000000)
  region size 1024K, 17 young (17408K), 6 survivors (6144K)
 Metaspace       used 69774K, capacity 73548K, committed 73600K, reserved 1112064K
  class space    used 9056K, capacity 10617K, committed 10624K, reserved 1048576K
}
Event: 480.349 GC heap after
{Heap after GC invocations=26 (full 6):
 garbage-first heap   total 242688K, used 72903K [0x0000000702400000, 0x0000000800000000)
  region size 1024K, 0 young (0K), 0 survivors (0K)
 Metaspace       used 69587K, capacity 73268K, committed 73600K, reserved 1112064K
  class space    used 9015K, capacity 10545K, committed 10624K, reserved 1048576K
}
Event: 548.716 GC heap before
{Heap before GC invocations=26 (full 6):
 garbage-first heap   total 242688K, used 198855K [0x0000000702400000, 0x0000000800000000)
  region size 1024K, 117 young (119808K), 0 survivors (0K)
 Metaspace       used 69895K, capacity 73546K, committed 73600K, reserved 1112064K
  class space    used 9055K, capacity 10613K, committed 10624K, reserved 1048576K
}
Event: 548.726 GC heap after
{Heap after GC invocations=27 (full 6):
 garbage-first heap   total 242688K, used 85077K [0x0000000702400000, 0x0000000800000000)
  region size 1024K, 5 young (5120K), 5 survivors (5120K)
 Metaspace       used 69895K, capacity 73546K, committed 73600K, reserved 1112064K
  class space    used 9055K, capacity 10613K, committed 10624K, reserved 1048576K
}
Event: 549.268 GC heap before
{Heap before GC invocations=27 (full 6):
 garbage-first heap   total 242688K, used 146517K [0x0000000702400000, 0x0000000800000000)
  region size 1024K, 67 young (68608K), 5 survivors (5120K)
 Metaspace       used 70075K, capacity 73872K, committed 73984K, reserved 1112064K
  class space    used 9066K, capacity 10653K, committed 10752K, reserved 1048576K
}
Event: 549.341 GC heap after
{Heap after GC invocations=28 (full 7):
 garbage-first heap   total 242688K, used 75181K [0x0000000702400000, 0x0000000800000000)
  region size 1024K, 0 young (0K), 0 survivors (0K)
 Metaspace       used 69894K, capacity 73656K, committed 73984K, reserved 1112064K
  class space    used 9025K, capacity 10581K, committed 10752K, reserved 1048576K
}
Event: 593.133 GC heap before
{Heap before GC invocations=28 (full 7):
 garbage-first heap   total 242688K, used 169389K [0x0000000702400000, 0x0000000800000000)
  region size 1024K, 87 young (89088K), 0 survivors (0K)
 Metaspace       used 70176K, capacity 73974K, committed 74240K, reserved 1112064K
  class space    used 9063K, capacity 10621K, committed 10752K, reserved 1048576K
}
Event: 593.204 GC heap after
{Heap after GC invocations=29 (full 8):
 garbage-first heap   total 242688K, used 76278K [0x0000000702400000, 0x0000000800000000)
  region size 1024K, 0 young (0K), 0 survivors (0K)
 Metaspace       used 70176K, capacity 73974K, committed 74240K, reserved 1112064K
  class space    used 9063K, capacity 10621K, committed 10752K, reserved 1048576K
}
Event: 612.676 GC heap before
{Heap before GC invocations=29 (full 8):
 garbage-first heap   total 242688K, used 190966K [0x0000000702400000, 0x0000000800000000)
  region size 1024K, 105 young (107520K), 0 survivors (0K)
 Metaspace       used 70589K, capacity 74417K, committed 74496K, reserved 1114112K
  class space    used 9112K, capacity 10725K, committed 10752K, reserved 1048576K
}
Event: 612.757 GC heap after
{Heap after GC invocations=30 (full 9):
 garbage-first heap   total 242688K, used 77533K [0x0000000702400000, 0x0000000800000000)
  region size 1024K, 0 young (0K), 0 survivors (0K)
 Metaspace       used 70402K, capacity 74137K, committed 74496K, reserved 1114112K
  class space    used 9071K, capacity 10653K, committed 10752K, reserved 1048576K
}

Deoptimization events (10 events):
Event: 634.039 Thread 0x0000000029fbe800 Uncommon trap: reason=unstable_if action=reinterpret pc=0x0000000013a5058c method=org.fxmisc.flowless.VirtualizedScrollPane.lambda$new$2(Ljava/lang/Boolean;Ljava/lang/Boolean;Ljava/lang/Double;Ljava/lang/Number;Ljava/lang/Double;)Ljava/lang/Boolean; @ 11 
Event: 634.039 Thread 0x0000000029fbe800 Uncommon trap: reason=unstable_if action=reinterpret pc=0x00000000138a0708 method=org.fxmisc.flowless.VirtualizedScrollPane.lambda$new$3(Ljava/lang/Boolean;Ljava/lang/Boolean;Ljava/lang/Double;Ljava/lang/Number;Ljava/lang/Double;)Ljava/lang/Boolean; @ 4 c
Event: 634.040 Thread 0x0000000029fbe800 Uncommon trap: reason=unstable_if action=reinterpret pc=0x000000001354a1ec method=javafx.scene.web.WebView.resize(DD)V @ 9 c2
Event: 634.040 Thread 0x0000000029fbe800 Uncommon trap: reason=unstable_if action=reinterpret pc=0x0000000013bc3a98 method=org.fxmisc.flowless.VirtualizedScrollPane.layoutChildren()V @ 36 c2
Event: 634.040 Thread 0x0000000029fbe800 Uncommon trap: reason=array_check action=maybe_recompile pc=0x000000001375e090 method=com.sun.javafx.binding.ExpressionHelperBase.trim(I[Ljava/lang/Object;)I @ 72 c2
Event: 634.041 Thread 0x0000000029fbe800 Uncommon trap: reason=unstable_if action=reinterpret pc=0x000000001354d084 method=org.fxmisc.flowless.VirtualizedScrollPane.offsetToScrollbarPosition(DDD)D @ 4 c2
Event: 634.084 Thread 0x0000000029fbe800 Uncommon trap: reason=unstable_if action=reinterpret pc=0x00000000138af288 method=javafx.scene.Parent.computeViewOrderChidrenAndUpdatePeer()V @ 38 c2
Event: 634.084 Thread 0x0000000029fbe800 Uncommon trap: reason=unstable_if action=reinterpret pc=0x000000001346c2a4 method=javafx.scene.layout.Region.validateCorners()V @ 98 c2
Event: 634.092 Thread 0x0000000029ef5000 Uncommon trap: reason=class_check action=maybe_recompile pc=0x00000000137e33a4 method=com.sun.javafx.sg.prism.NGRegion.createStroke(Ljavafx/scene/layout/BorderStrokeStyle;DDZ)Lcom/sun/prism/BasicStroke; @ 198 c2
Event: 634.092 Thread 0x0000000029ef5000 Uncommon trap: reason=class_check action=maybe_recompile pc=0x00000000137e33a4 method=com.sun.javafx.sg.prism.NGRegion.createStroke(Ljavafx/scene/layout/BorderStrokeStyle;DDZ)Lcom/sun/prism/BasicStroke; @ 198 c2

Classes redefined (0 events):
No events

Internal exceptions (10 events):
Event: 612.627 Thread 0x000000003742c800 Exception <a 'sun/nio/fs/WindowsException'{0x000000070a617bd0}> (0x000000070a617bd0) thrown at [t:/workspace/open/src/hotspot/share/prims/jni.cpp, line 615]
Event: 612.627 Thread 0x000000003742c800 Exception <a 'sun/nio/fs/WindowsException'{0x000000070a625898}> (0x000000070a625898) thrown at [t:/workspace/open/src/hotspot/share/prims/jni.cpp, line 615]
Event: 612.627 Thread 0x000000003742c800 Exception <a 'sun/nio/fs/WindowsException'{0x000000070a625a98}> (0x000000070a625a98) thrown at [t:/workspace/open/src/hotspot/share/prims/jni.cpp, line 615]
Event: 612.629 Thread 0x000000003742c800 Exception <a 'sun/nio/fs/WindowsException'{0x000000070a644580}> (0x000000070a644580) thrown at [t:/workspace/open/src/hotspot/share/prims/jni.cpp, line 615]
Event: 612.629 Thread 0x000000003742c800 Exception <a 'sun/nio/fs/WindowsException'{0x000000070a644810}> (0x000000070a644810) thrown at [t:/workspace/open/src/hotspot/share/prims/jni.cpp, line 615]
Event: 612.629 Thread 0x000000003742c800 Exception <a 'sun/nio/fs/WindowsException'{0x000000070a645650}> (0x000000070a645650) thrown at [t:/workspace/open/src/hotspot/share/prims/jni.cpp, line 615]
Event: 612.629 Thread 0x000000003742c800 Exception <a 'sun/nio/fs/WindowsException'{0x000000070a645860}> (0x000000070a645860) thrown at [t:/workspace/open/src/hotspot/share/prims/jni.cpp, line 615]
Event: 612.629 Thread 0x000000003742c800 Exception <a 'sun/nio/fs/WindowsException'{0x000000070a646800}> (0x000000070a646800) thrown at [t:/workspace/open/src/hotspot/share/prims/jni.cpp, line 615]
Event: 612.629 Thread 0x000000003742c800 Exception <a 'sun/nio/fs/WindowsException'{0x000000070a646a10}> (0x000000070a646a10) thrown at [t:/workspace/open/src/hotspot/share/prims/jni.cpp, line 615]
Event: 633.957 Thread 0x0000000029fbe800 Implicit null exception at 0x0000000013aa3e4b to 0x0000000013aa407e

Events (10 events):
Event: 634.088 loading class bluej/editor/stride/FXTabbedEditor$CodeCompletionState done
Event: 634.088 loading class bluej/editor/stride/FrameCatalogue
Event: 634.088 loading class bluej/editor/stride/FrameCatalogue done
Event: 634.092 Thread 0x0000000029ef5000 Uncommon trap: trap_request=0xffffffde fr.pc=0x00000000137e33a4 relative=0x0000000000000324
Event: 634.092 Thread 0x0000000029ef5000 DEOPT PACKING pc=0x00000000137e33a4 sp=0x000000002aa3e020
Event: 634.092 Thread 0x0000000029ef5000 DEOPT UNPACKING pc=0x000000000b5d91af sp=0x000000002aa3df30 mode 2
Event: 634.092 Thread 0x0000000029ef5000 Uncommon trap: trap_request=0xffffffde fr.pc=0x00000000137e33a4 relative=0x0000000000000324
Event: 634.092 Thread 0x0000000029ef5000 DEOPT PACKING pc=0x00000000137e33a4 sp=0x000000002aa3e020
Event: 634.092 Thread 0x0000000029ef5000 DEOPT UNPACKING pc=0x000000000b5d91af sp=0x000000002aa3df30 mode 2
Event: 634.099 Thread 0x0000000041092000 Thread added: 0x0000000041092000


Dynamic libraries:
0x0000000000400000 - 0x00000000004d5000 	C:\Program Files\Greenfoot\Greenfoot.exe
0x00007ffd0be40000 - 0x00007ffd0c030000 	C:\WINDOWS\SYSTEM32\ntdll.dll
0x00007ffd09f70000 - 0x00007ffd0a022000 	C:\WINDOWS\System32\KERNEL32.DLL
0x00007ffd09570000 - 0x00007ffd09813000 	C:\WINDOWS\System32\KERNELBASE.dll
0x00007ffd0bc20000 - 0x00007ffd0bcbe000 	C:\WINDOWS\System32\msvcrt.dll
0x00007ffd0b110000 - 0x00007ffd0b7f5000 	C:\WINDOWS\System32\SHELL32.dll
0x00007ffd09df0000 - 0x00007ffd09eea000 	C:\WINDOWS\System32\ucrtbase.dll
0x00007ffd09cf0000 - 0x00007ffd09d3a000 	C:\WINDOWS\System32\cfgmgr32.dll
0x00007ffd0ba20000 - 0x00007ffd0bac9000 	C:\WINDOWS\System32\shcore.dll
0x00007ffd0bad0000 - 0x00007ffd0bbf0000 	C:\WINDOWS\System32\RPCRT4.dll
0x00007ffd0ace0000 - 0x00007ffd0b016000 	C:\WINDOWS\System32\combase.dll
0x00007ffd099d0000 - 0x00007ffd09a50000 	C:\WINDOWS\System32\bcryptPrimitives.dll
0x00007ffd08df0000 - 0x00007ffd0956f000 	C:\WINDOWS\System32\windows.storage.dll
0x00007ffd09bf0000 - 0x00007ffd09c8e000 	C:\WINDOWS\System32\msvcp_win.dll
0x00007ffd0ab70000 - 0x00007ffd0ac07000 	C:\WINDOWS\System32\sechost.dll
0x00007ffd0b060000 - 0x00007ffd0b103000 	C:\WINDOWS\System32\advapi32.dll
0x00007ffd08db0000 - 0x00007ffd08dcf000 	C:\WINDOWS\System32\profapi.dll
0x00007ffd08d60000 - 0x00007ffd08daa000 	C:\WINDOWS\System32\powrprof.dll
0x00007ffd08d10000 - 0x00007ffd08d20000 	C:\WINDOWS\System32\UMPDC.dll
0x00007ffd0a0a0000 - 0x00007ffd0a0f2000 	C:\WINDOWS\System32\shlwapi.dll
0x00007ffd0b020000 - 0x00007ffd0b046000 	C:\WINDOWS\System32\GDI32.dll
0x00007ffd09cc0000 - 0x00007ffd09ce1000 	C:\WINDOWS\System32\win32u.dll
0x00007ffd09a50000 - 0x00007ffd09be4000 	C:\WINDOWS\System32\gdi32full.dll
0x00007ffd0b880000 - 0x00007ffd0ba14000 	C:\WINDOWS\System32\USER32.dll
0x00007ffd08d20000 - 0x00007ffd08d31000 	C:\WINDOWS\System32\kernel.appcore.dll
0x00007ffd08dd0000 - 0x00007ffd08de7000 	C:\WINDOWS\System32\cryptsp.dll
0x00007ffd020c0000 - 0x00007ffd020ca000 	C:\WINDOWS\SYSTEM32\VERSION.dll
0x00007ffd0bbf0000 - 0x00007ffd0bc1e000 	C:\WINDOWS\System32\IMM32.DLL
0x00007ffca3560000 - 0x00007ffca4083000 	C:\Program Files\Greenfoot\jdk\bin\server\jvm.dll
0x00007ffd0a030000 - 0x00007ffd0a038000 	C:\WINDOWS\System32\PSAPI.DLL
0x00007ffcf4de0000 - 0x00007ffcf4de9000 	C:\WINDOWS\SYSTEM32\WSOCK32.dll
0x00007ffd06d40000 - 0x00007ffd06d64000 	C:\WINDOWS\SYSTEM32\WINMM.dll
0x00007ffcf7fc0000 - 0x00007ffcf7fd6000 	C:\Program Files\Greenfoot\jdk\bin\VCRUNTIME140.dll
0x00007ffd0ab00000 - 0x00007ffd0ab6f000 	C:\WINDOWS\System32\WS2_32.dll
0x00007ffd068c0000 - 0x00007ffd068ed000 	C:\WINDOWS\SYSTEM32\WINMMBASE.dll
0x00007ffcf7bd0000 - 0x00007ffcf7be1000 	C:\Program Files\Greenfoot\jdk\bin\verify.dll
0x00007ffcfc630000 - 0x00007ffcfc824000 	C:\WINDOWS\SYSTEM32\DBGHELP.DLL
0x00007ffcfc940000 - 0x00007ffcfc96a000 	C:\WINDOWS\SYSTEM32\dbgcore.DLL
0x00007ffcf7740000 - 0x00007ffcf7768000 	C:\Program Files\Greenfoot\jdk\bin\java.dll
0x00007ffcf7bb0000 - 0x00007ffcf7bc6000 	C:\Program Files\Greenfoot\jdk\bin\zip.dll
0x00007ffcfc2b0000 - 0x00007ffcfc2ba000 	C:\Program Files\Greenfoot\jdk\bin\jimage.dll
0x00007ffcf7b40000 - 0x00007ffcf7b59000 	C:\Program Files\Greenfoot\jdk\bin\net.dll
0x00007ffcf8bc0000 - 0x00007ffcf8cb0000 	C:\WINDOWS\SYSTEM32\WINHTTP.dll
0x00007ffcf8e40000 - 0x00007ffcf9016000 	C:\WINDOWS\SYSTEM32\urlmon.dll
0x00007ffcf9b00000 - 0x00007ffcf9da6000 	C:\WINDOWS\SYSTEM32\iertutil.dll
0x00007ffd08750000 - 0x00007ffd0875c000 	C:\WINDOWS\SYSTEM32\CRYPTBASE.DLL
0x00007ffd08580000 - 0x00007ffd085e7000 	C:\WINDOWS\system32\mswsock.dll
0x00007ffcf7880000 - 0x00007ffcf7893000 	C:\Program Files\Greenfoot\jdk\bin\nio.dll
0x0000000180000000 - 0x0000000180003000 	C:\Program Files\Greenfoot\lib\javafx\bin\api-ms-win-core-console-l1-1-0.dll
0x00000000001e0000 - 0x00000000001e3000 	C:\Program Files\Greenfoot\lib\javafx\bin\api-ms-win-core-datetime-l1-1-0.dll
0x00000000001f0000 - 0x00000000001f3000 	C:\Program Files\Greenfoot\lib\javafx\bin\api-ms-win-core-debug-l1-1-0.dll
0x0000000003190000 - 0x0000000003193000 	C:\Program Files\Greenfoot\lib\javafx\bin\api-ms-win-core-errorhandling-l1-1-0.dll
0x00000000031a0000 - 0x00000000031a4000 	C:\Program Files\Greenfoot\lib\javafx\bin\api-ms-win-core-file-l1-1-0.dll
0x00000000031b0000 - 0x00000000031b3000 	C:\Program Files\Greenfoot\lib\javafx\bin\api-ms-win-core-file-l1-2-0.dll
0x00000000031c0000 - 0x00000000031c3000 	C:\Program Files\Greenfoot\lib\javafx\bin\api-ms-win-core-file-l2-1-0.dll
0x00000000031d0000 - 0x00000000031d3000 	C:\Program Files\Greenfoot\lib\javafx\bin\api-ms-win-core-handle-l1-1-0.dll
0x00000000031e0000 - 0x00000000031e3000 	C:\Program Files\Greenfoot\lib\javafx\bin\api-ms-win-core-heap-l1-1-0.dll
0x00000000031f0000 - 0x00000000031f3000 	C:\Program Files\Greenfoot\lib\javafx\bin\api-ms-win-core-interlocked-l1-1-0.dll
0x0000000003200000 - 0x0000000003203000 	C:\Program Files\Greenfoot\lib\javafx\bin\api-ms-win-core-libraryloader-l1-1-0.dll
0x0000000003210000 - 0x0000000003213000 	C:\Program Files\Greenfoot\lib\javafx\bin\api-ms-win-core-localization-l1-2-0.dll
0x0000000003220000 - 0x0000000003223000 	C:\Program Files\Greenfoot\lib\javafx\bin\api-ms-win-core-memory-l1-1-0.dll
0x0000000003230000 - 0x0000000003233000 	C:\Program Files\Greenfoot\lib\javafx\bin\api-ms-win-core-namedpipe-l1-1-0.dll
0x0000000003240000 - 0x0000000003243000 	C:\Program Files\Greenfoot\lib\javafx\bin\api-ms-win-core-processenvironment-l1-1-0.dll
0x0000000003250000 - 0x0000000003253000 	C:\Program Files\Greenfoot\lib\javafx\bin\api-ms-win-core-processthreads-l1-1-0.dll
0x0000000003260000 - 0x0000000003263000 	C:\Program Files\Greenfoot\lib\javafx\bin\api-ms-win-core-processthreads-l1-1-1.dll
0x000000002a6d0000 - 0x000000002a6d3000 	C:\Program Files\Greenfoot\lib\javafx\bin\api-ms-win-core-profile-l1-1-0.dll
0x000000002a6e0000 - 0x000000002a6e3000 	C:\Program Files\Greenfoot\lib\javafx\bin\api-ms-win-core-rtlsupport-l1-1-0.dll
0x000000002a6f0000 - 0x000000002a6f3000 	C:\Program Files\Greenfoot\lib\javafx\bin\api-ms-win-core-string-l1-1-0.dll
0x000000002a700000 - 0x000000002a703000 	C:\Program Files\Greenfoot\lib\javafx\bin\api-ms-win-core-synch-l1-1-0.dll
0x000000002a710000 - 0x000000002a713000 	C:\Program Files\Greenfoot\lib\javafx\bin\api-ms-win-core-synch-l1-2-0.dll
0x000000002a720000 - 0x000000002a723000 	C:\Program Files\Greenfoot\lib\javafx\bin\api-ms-win-core-sysinfo-l1-1-0.dll
0x000000002a730000 - 0x000000002a733000 	C:\Program Files\Greenfoot\lib\javafx\bin\api-ms-win-core-timezone-l1-1-0.dll
0x000000002a740000 - 0x000000002a743000 	C:\Program Files\Greenfoot\lib\javafx\bin\api-ms-win-core-util-l1-1-0.dll
0x000000002a750000 - 0x000000002a753000 	C:\Program Files\Greenfoot\lib\javafx\bin\api-ms-win-crt-conio-l1-1-0.dll
0x000000002a760000 - 0x000000002a764000 	C:\Program Files\Greenfoot\lib\javafx\bin\api-ms-win-crt-convert-l1-1-0.dll
0x000000002a770000 - 0x000000002a773000 	C:\Program Files\Greenfoot\lib\javafx\bin\api-ms-win-crt-environment-l1-1-0.dll
0x000000002a780000 - 0x000000002a783000 	C:\Program Files\Greenfoot\lib\javafx\bin\api-ms-win-crt-filesystem-l1-1-0.dll
0x000000002a790000 - 0x000000002a793000 	C:\Program Files\Greenfoot\lib\javafx\bin\api-ms-win-crt-heap-l1-1-0.dll
0x000000002a7a0000 - 0x000000002a7a3000 	C:\Program Files\Greenfoot\lib\javafx\bin\api-ms-win-crt-locale-l1-1-0.dll
0x000000002a7b0000 - 0x000000002a7b5000 	C:\Program Files\Greenfoot\lib\javafx\bin\api-ms-win-crt-math-l1-1-0.dll
0x000000002a7c0000 - 0x000000002a7c5000 	C:\Program Files\Greenfoot\lib\javafx\bin\api-ms-win-crt-multibyte-l1-1-0.dll
0x000000002a7d0000 - 0x000000002a7e0000 	C:\Program Files\Greenfoot\lib\javafx\bin\api-ms-win-crt-private-l1-1-0.dll
0x000000002a7e0000 - 0x000000002a7e3000 	C:\Program Files\Greenfoot\lib\javafx\bin\api-ms-win-crt-process-l1-1-0.dll
0x000000002a7f0000 - 0x000000002a7f4000 	C:\Program Files\Greenfoot\lib\javafx\bin\api-ms-win-crt-runtime-l1-1-0.dll
0x000000002a800000 - 0x000000002a804000 	C:\Program Files\Greenfoot\lib\javafx\bin\api-ms-win-crt-stdio-l1-1-0.dll
0x000000002a810000 - 0x000000002a814000 	C:\Program Files\Greenfoot\lib\javafx\bin\api-ms-win-crt-string-l1-1-0.dll
0x000000002a820000 - 0x000000002a823000 	C:\Program Files\Greenfoot\lib\javafx\bin\api-ms-win-crt-time-l1-1-0.dll
0x000000002a830000 - 0x000000002a833000 	C:\Program Files\Greenfoot\lib\javafx\bin\api-ms-win-crt-utility-l1-1-0.dll
0x00007ffcf7100000 - 0x00007ffcf71fa000 	C:\Program Files\Greenfoot\lib\javafx\bin\ucrtbase.dll
0x00007ffcf7720000 - 0x00007ffcf7736000 	C:\Program Files\Greenfoot\lib\javafx\bin\vcruntime140.dll
0x00007ffcf7050000 - 0x00007ffcf70f6000 	C:\Program Files\Greenfoot\lib\javafx\bin\msvcp140.dll
0x00007ffcf74a0000 - 0x00007ffcf74f1000 	C:\Program Files\Greenfoot\lib\javafx\bin\concrt140.dll
0x00007ffcf7290000 - 0x00007ffcf72b3000 	C:\Program Files\Greenfoot\lib\javafx\bin\prism_d3d.dll
0x00007ffcfbe30000 - 0x00007ffcfbff7000 	C:\WINDOWS\system32\d3d9.dll
0x00007ffd074b0000 - 0x00007ffd074dd000 	C:\WINDOWS\SYSTEM32\dwmapi.dll
0x00007ffd07980000 - 0x00007ffd079a0000 	C:\WINDOWS\SYSTEM32\dxcore.dll
0x00007ffd07090000 - 0x00007ffd07129000 	C:\WINDOWS\system32\uxtheme.dll
0x00007ffcc0b70000 - 0x00007ffcc0d3d000 	C:\WINDOWS\System32\DriverStore\FileRepository\iigd_dch.inf_amd64_7d6ad0397c5dc3fd\igdumdim64.dll
0x00007ffd00170000 - 0x00007ffd00290000 	C:\WINDOWS\System32\DriverStore\FileRepository\iigd_dch.inf_amd64_7d6ad0397c5dc3fd\igdgmm64.dll
0x00007ffcc2620000 - 0x00007ffcc6231000 	C:\WINDOWS\System32\DriverStore\FileRepository\iigd_dch.inf_amd64_7d6ad0397c5dc3fd\igd9dxva64.dll
0x00007ffd0a9a0000 - 0x00007ffd0aaf6000 	C:\WINDOWS\System32\OLE32.dll
0x00007ffd0a2b0000 - 0x00007ffd0a374000 	C:\WINDOWS\System32\OLEAUT32.dll
0x00007ffcf7240000 - 0x00007ffcf7285000 	C:\Program Files\Greenfoot\lib\javafx\bin\glass.dll
0x00007ffd0ac10000 - 0x00007ffd0ace0000 	C:\WINDOWS\System32\COMDLG32.dll
0x00007ffcf6520000 - 0x00007ffcf65c9000 	C:\WINDOWS\WinSxS\amd64_microsoft.windows.common-controls_6595b64144ccf1df_5.82.18362.592_none_2a2c5e32466583af\COMCTL32.dll
0x00007ffd0a170000 - 0x00007ffd0a2a5000 	C:\WINDOWS\System32\MSCTF.dll
0x00007ffcc7580000 - 0x00007ffcc75a1000 	C:\WINDOWS\System32\DriverStore\FileRepository\iigd_dch.inf_amd64_7d6ad0397c5dc3fd\igdinfo64.dll
0x00007ffcfd1b0000 - 0x00007ffcff510000 	C:\WINDOWS\System32\DriverStore\FileRepository\iigd_dch.inf_amd64_7d6ad0397c5dc3fd\igc64.dll
0x00007ffce7f30000 - 0x00007ffce80ce000 	C:\Program Files\Greenfoot\jdk\bin\awt.dll
0x00007ffd05a60000 - 0x00007ffd06020000 	C:\WINDOWS\SYSTEM32\d2d1.dll
0x00007ffd06fa0000 - 0x00007ffd0702f000 	C:\WINDOWS\SYSTEM32\apphelp.dll
0x00007ffcf7030000 - 0x00007ffcf7044000 	C:\Program Files\Greenfoot\lib\javafx\bin\javafx_font.dll
0x00007ffcf8780000 - 0x00007ffcf8a7e000 	C:\WINDOWS\SYSTEM32\dwrite.dll
0x00007ffd0bd50000 - 0x00007ffd0bdf2000 	C:\WINDOWS\System32\clbcatq.dll
0x00007ffcf9690000 - 0x00007ffcf9915000 	C:\WINDOWS\WinSxS\amd64_microsoft.windows.common-controls_6595b64144ccf1df_6.0.18362.592_none_e6c0b1911312be02\comctl32.dll
0x00007ffd04010000 - 0x00007ffd041bf000 	C:\WINDOWS\SYSTEM32\WindowsCodecs.dll
0x00007ffcd8650000 - 0x00007ffcd868a000 	C:\WINDOWS\system32\dataexchange.dll
0x00007ffd06020000 - 0x00007ffd0627b000 	C:\WINDOWS\system32\d3d11.dll
0x00007ffd066e0000 - 0x00007ffd068bb000 	C:\WINDOWS\system32\dcomp.dll
0x00007ffd07a10000 - 0x00007ffd07afb000 	C:\WINDOWS\system32\dxgi.dll
0x00007ffd07160000 - 0x00007ffd073ba000 	C:\WINDOWS\system32\twinapi.appcore.dll
0x00007ffd07670000 - 0x00007ffd07699000 	C:\WINDOWS\system32\RMCLIENT.dll
0x00007ffcf6ff0000 - 0x00007ffcf7023000 	C:\Program Files\Common Files\Microsoft Shared\Ink\rtscom.dll
0x00007ffcfb590000 - 0x00007ffcfb62e000 	C:\WINDOWS\System32\TextInputFramework.dll
0x00007ffd049f0000 - 0x00007ffd04d1a000 	C:\WINDOWS\System32\CoreUIComponents.dll
0x00007ffd06c60000 - 0x00007ffd06d34000 	C:\WINDOWS\System32\CoreMessaging.dll
0x00007ffd07d70000 - 0x00007ffd07da1000 	C:\WINDOWS\SYSTEM32\ntmarta.dll
0x00007ffd043f0000 - 0x00007ffd04543000 	C:\WINDOWS\SYSTEM32\wintypes.dll

dbghelp: loaded successfully - version: 4.0.5 - missing functions: none
symbol engine: initialized successfully - sym options: 0x614 - pdb path: .;C:\Program Files\Greenfoot;C:\WINDOWS\SYSTEM32;C:\Program Files\Greenfoot\jdk\bin\server;C:\Program Files\Greenfoot\jdk\bin;C:\Program Files\Greenfoot\lib\javafx\bin;C:\WINDOWS\System32\DriverStore\FileRepository\iigd_dch.inf_amd64_7d6ad0397c5dc3fd;C:\WINDOWS\WinSxS\amd64_microsoft.windows.common-controls_6595b64144ccf1df_5.82.18362.592_none_2a2c5e32466583af;C:\WINDOWS\WinSxS\amd64_microsoft.windows.common-controls_6595b64144ccf1df_6.0.18362.592_none_e6c0b1911312be02;C:\Program Files\Common Files\Microsoft Shared\Ink

VM Arguments:
jvm_args: -Djavafx.embed.singleThread=true 
java_command: <unknown>
java_class_path (initial): C:\Program Files\Greenfoot\lib\bluej.jar;C:\Program Files\Greenfoot\lib\javafx\lib\javafx.base.jar;C:\Program Files\Greenfoot\lib\javafx\lib\javafx.controls.jar;C:\Program Files\Greenfoot\lib\javafx\lib\javafx.fxml.jar;C:\Program Files\Greenfoot\lib\javafx\lib\javafx.graphics.jar;C:\Program Files\Greenfoot\lib\javafx\lib\javafx.media.jar;C:\Program Files\Greenfoot\lib\javafx\lib\javafx.properties.jar;C:\Program Files\Greenfoot\lib\javafx\lib\javafx.swing.jar;C:\Program Files\Greenfoot\lib\javafx\lib\javafx.web.jar
Launcher Type: generic

[Global flags]
     intx CICompilerCount                          = 4                                         {product} {ergonomic}
     uint ConcGCThreads                            = 3                                         {product} {ergonomic}
     uint G1ConcRefinementThreads                  = 10                                        {product} {ergonomic}
   size_t G1HeapRegionSize                         = 1048576                                   {product} {ergonomic}
    uintx GCDrainStackTargetSize                   = 64                                        {product} {ergonomic}
   size_t InitialHeapSize                          = 266338304                                 {product} {ergonomic}
   size_t MarkStackSize                            = 4194304                                   {product} {ergonomic}
   size_t MaxHeapSize                              = 4257218560                                {product} {ergonomic}
   size_t MaxNewSize                               = 2554331136                                {product} {ergonomic}
   size_t MinHeapDeltaBytes                        = 1048576                                   {product} {ergonomic}
    uintx NonNMethodCodeHeapSize                   = 5835340                                {pd product} {ergonomic}
    uintx NonProfiledCodeHeapSize                  = 122911450                              {pd product} {ergonomic}
    uintx ProfiledCodeHeapSize                     = 122911450                              {pd product} {ergonomic}
    uintx ReservedCodeCacheSize                    = 251658240                              {pd product} {ergonomic}
     bool SegmentedCodeCache                       = true                                      {product} {ergonomic}
     bool UseCompressedClassPointers               = true                                 {lp64_product} {ergonomic}
     bool UseCompressedOops                        = true                                 {lp64_product} {ergonomic}
     bool UseG1GC                                  = true                                      {product} {ergonomic}
     bool UseLargePagesIndividualAllocation        = false                                  {pd product} {ergonomic}

Logging:
Log output configuration:
 #0: stdout all=warning uptime,level,tags
 #1: stderr all=off uptime,level,tags

Environment Variables:
PATH=C:\Program Files (x86)\Common Files\Oracle\Java\javapath;C:\Program Files (x86)\Common Files\Intel\Shared Files\cpp\bin\Intel64;C:\Windows\system32;C:\Windows;C:\Windows\System32\Wbem;C:\Windows\System32\WindowsPowerShell\v1.0\;C:\Windows\System32\OpenSSH\;C:\Program Files (x86)\Intel\Intel(R) Management Engine Components\DAL;C:\Program Files\Intel\Intel(R) Management Engine Components\DAL;C:\Program Files\NVIDIA Corporation\NVIDIA NGX;C:\Program Files (x86)\NVIDIA Corporation\PhysX\Common;C:\Program Files\NVIDIA Corporation\NVIDIA NvDLISR;C:\WINDOWS\system32;C:\WINDOWS;C:\WINDOWS\System32\Wbem;C:\WINDOWS\System32\WindowsPowerShell\v1.0\;C:\WINDOWS\System32\OpenSSH\;C:\Program Files\Git\cmd;C:\Users\Ryan\AppData\Local\Microsoft\WindowsApps;C:\Users\Ryan\AppData\Local\Programs\Microsoft VS Code\bin;C:\Users\Ryan\AppData\Local\Microsoft\WindowsApps
USERNAME=Ryan
OS=Windows_NT
PROCESSOR_IDENTIFIER=Intel64 Family 6 Model 158 Stepping 10, GenuineIntel



---------------  S Y S T E M  ---------------

OS: Windows 10 , 64 bit Build 18362 (10.0.18362.329)

CPU:total 12 (initial active 12) (6 cores per cpu, 2 threads per core) family 6 model 158 stepping 10, cmov, cx8, fxsr, mmx, sse, sse2, sse3, ssse3, sse4.1, sse4.2, popcnt, avx, avx2, aes, clmul, erms, 3dnowpref, lzcnt, ht, tsc, tscinvbit, bmi1, bmi2, adx, fma

Memory: 4k page, system-wide physical 16232M (2413M free)
TotalPageFile size 46300M (AvailPageFile size 3M)
current process WorkingSet (physical memory assigned to process): 636M, peak: 695M
current process commit charge ("private bytes"): 643M, peak: 744M

vm_info: OpenJDK 64-Bit Server VM (11.0.2+9) for windows-amd64 JRE (11.0.2+9), built on Jan 18 2019 05:23:22 by "mach5one" with MS VC++ 15.5 (VS2017)

END.
